==================================
== Configuration file:
Active_gNBs = ( "gnb-rfsim");
# Asn1_verbosity, choice in: none, info, annoying
Asn1_verbosity = "none";

gNBs =
(
 {
    ////////// Identification parameters:
    gNB_ID = 0xe00;

#     cell_type =  "CELL_MACRO_GNB";

    gNB_name  =  "gnb-rfsim";

    // Tracking area code, 0x0000 and 0xfffe are reserved values
    tracking_area_code  =  40960;

    plmn_list = ({ mcc = 208; mnc = 95; mnc_length = 2; snssaiList = ({ sst = 1, sd = 0xffffff }, { sst = 128, sd = 0x000080 }, { sst = 130, sd = 0x000082 }) });

    nr_cellid = 12345678L
    
# Begin RIC-specific settings
    RIC : {
        remote_ipv4_addr = "192.168.84.37"; # TODO Replace it with the actual RIC e2t Address
        remote_port = 36421;
        enabled = "yes";
    };


#     tr_s_preference     = "local_mac"

    ////////// Physical parameters:

    #pusch_TargetSNRx10                                        = 200;
    #pucch_TargetSNRx10                                        = 200;
    ul_prbblacklist                                           = "51,52,53,54"
    min_rxtxtime = 6;
    do_SRS                                                    = 1;

    pdcch_ConfigSIB1 = (
      {
        controlResourceSetZero = 11;
        searchSpaceZero = 0;
      }
    );

    servingCellConfigCommon = (
    {
 #spCellConfigCommon

      physCellId                                                    = 0;

#  downlinkConfigCommon
    #frequencyInfoDL
      # this is 3301.68 MHz + 22*12*30e-3 MHz = 3309.6
      #absoluteFrequencySSB                                          = 620640;
      # this is 3300.60 MHz + 53*12*30e-3 MHz = 3319.68
      absoluteFrequencySSB                                          = 621312;
      # this is 3503.28 MHz + 22*12*30e-3 MHz = 3511.2
      #absoluteFrequencySSB                                          = 634080;
      # this is 3600.48 MHz
      #absoluteFrequencySSB                                          = 640032;
      #dl_frequencyBand                                                 = 78;
      # this is 3301.68 MHz
      #dl_absoluteFrequencyPointA                                       = 620112;
      # this is 3300.60 MHz
      dl_absoluteFrequencyPointA                                       = 620040;
      # this is 3502.56 MHz
      #dl_absoluteFrequencyPointA                                       = 633552;
      # this is 3600.48 MHz
      #dl_absoluteFrequencyPointA                                       = 640032;
      #scs-SpecificCarrierList
        dl_offstToCarrier                                              = 0;
# subcarrierSpacing
# 0=kHz15, 1=kHz30, 2=kHz60, 3=kHz120
        dl_subcarrierSpacing                                           = 1;
        dl_carrierBandwidth                                            = 106;
     #initialDownlinkBWP
      #genericParameters
        # this is RBstart=0,L=106 (275*(L-1))+RBstart
        initialDLBWPlocationAndBandwidth                                        = 28875;
# subcarrierSpacing
# 0=kHz15, 1=kHz30, 2=kHz60, 3=kHz120
        initialDLBWPsubcarrierSpacing                                           = 1;
      #pdcch-ConfigCommon
        initialDLBWPcontrolResourceSetZero                                      = 11;
        initialDLBWPsearchSpaceZero                                             = 0;



  #uplinkConfigCommon
     #frequencyInfoUL
      ul_frequencyBand                                                 = 78;
      #scs-SpecificCarrierList
      ul_offstToCarrier                                              = 0;
# subcarrierSpacing
# 0=kHz15, 1=kHz30, 2=kHz60, 3=kHz120
      ul_subcarrierSpacing                                           = 1;
      ul_carrierBandwidth                                            = 106;
      pMax                                                          = 20;
     #initialUplinkBWP
      #genericParameters
        initialULBWPlocationAndBandwidth                                        = 28875;
# subcarrierSpacing
# 0=kHz15, 1=kHz30, 2=kHz60, 3=kHz120
        initialULBWPsubcarrierSpacing                                           = 1;
      #rach-ConfigCommon
        #rach-ConfigGeneric
          prach_ConfigurationIndex                                  = 98;
#prach_msg1_FDM
#0 = one, 1=two, 2=four, 3=eight
          prach_msg1_FDM                                            = 0;
          prach_msg1_FrequencyStart                                 = 0;
          zeroCorrelationZoneConfig                                 = 12;
          preambleReceivedTargetPower                               = -104;
#preamblTransMax (0...10) = (3,4,5,6,7,8,10,20,50,100,200)
          preambleTransMax                                          = 6;
#powerRampingStep
# 0=dB0,1=dB2,2=dB4,3=dB6
        powerRampingStep                                            = 1;
#ra_ReponseWindow
#1,2,4,8,10,20,40,80
        ra_ResponseWindow                                           = 4;
#ssb_perRACH_OccasionAndCB_PreamblesPerSSB_PR
#1=oneeighth,2=onefourth,3=half,4=one,5=two,6=four,7=eight,8=sixteen
        ssb_perRACH_OccasionAndCB_PreamblesPerSSB_PR                = 3;
#oneHalf (0..15) 4,8,12,16,...60,64
        ssb_perRACH_OccasionAndCB_PreamblesPerSSB                   = 15;
#ra_ContentionResolutionTimer
#(0..7) 8,16,24,32,40,48,56,64
        ra_ContentionResolutionTimer                                = 7;
        rsrp_ThresholdSSB                                           = 19;
#prach-RootSequenceIndex_PR
#1 = 839, 2 = 139
        prach_RootSequenceIndex_PR                                  = 2;
        prach_RootSequenceIndex                                     = 1;
        # SCS for msg1, can only be 15 for 30 kHz < 6 GHz, takes precendence over the one derived from prach-ConfigIndex
        #
        msg1_SubcarrierSpacing                                      = 1,
# restrictedSetConfig
# 0=unrestricted, 1=restricted type A, 2=restricted type B
        restrictedSetConfig                                         = 0,

        msg3_DeltaPreamble                                          = 1;
        p0_NominalWithGrant                                         =-90;

# pucch-ConfigCommon setup :
# pucchGroupHopping
# 0 = neither, 1= group hopping, 2=sequence hopping
        pucchGroupHopping                                           = 0;
        hoppingId                                                   = 40;
        p0_nominal                                                  = -90;
# ssb_PositionsInBurs_BitmapPR
# 1=short, 2=medium, 3=long
      ssb_PositionsInBurst_PR                                       = 2;
      ssb_PositionsInBurst_Bitmap                                   = 1;

# ssb_periodicityServingCell
# 0 = ms5, 1=ms10, 2=ms20, 3=ms40, 4=ms80, 5=ms160, 6=spare2, 7=spare1
      ssb_periodicityServingCell                                    = 2;

# dmrs_TypeA_position
# 0 = pos2, 1 = pos3
      dmrs_TypeA_Position                                           = 0;

# subcarrierSpacing
# 0=kHz15, 1=kHz30, 2=kHz60, 3=kHz120
      subcarrierSpacing                                             = 1;


  #tdd-UL-DL-ConfigurationCommon
# subcarrierSpacing
# 0=kHz15, 1=kHz30, 2=kHz60, 3=kHz120
      referenceSubcarrierSpacing                                    = 1;
      # pattern1
      # dl_UL_TransmissionPeriodicity
      # 0=ms0p5, 1=ms0p625, 2=ms1, 3=ms1p25, 4=ms2, 5=ms2p5, 6=ms5, 7=ms10
      dl_UL_TransmissionPeriodicity                                 = 6;
      nrofDownlinkSlots                                             = 7;
      nrofDownlinkSymbols                                           = 6;
      nrofUplinkSlots                                               = 2;
      nrofUplinkSymbols                                             = 4;

  ssPBCH_BlockPower                                             = -25;
  }

  );


    # ------- SCTP definitions
    SCTP :
    {
        # Number of streams to use in input/output
        SCTP_INSTREAMS  = 2;
        SCTP_OUTSTREAMS = 2;
    };

    ////////// AMF parameters:
        amf_ip_address      = ( { ipv4       = "192.168.70.138";
                                  ipv6       = "192:168:30::17";
                                  active     = "yes";
                                  preference = "ipv4";
                                                                                                                              }
                                                                                                                                          );

        NETWORK_INTERFACES :
        {

           GNB_INTERFACE_NAME_FOR_NG_AMF            = "eth0";
           GNB_IPV4_ADDRESS_FOR_NG_AMF              = "192.168.70.153";
           GNB_INTERFACE_NAME_FOR_NGU               = "eth1";
           GNB_IPV4_ADDRESS_FOR_NGU                 = "192.168.72.153";
           GNB_PORT_FOR_S1U                         = 2152; # Spec 2152
        };

  }
);

MACRLCs = (
  {
    num_cc           = 1;
    tr_s_preference  = "local_L1";
    tr_n_preference  = "local_RRC";
    pusch_TargetSNRx10 = 200;
    pucch_TargetSNRx10 = 200;
     ulsch_max_frame_inactivity = 1;
  }
);

L1s = (
{
  num_cc = 1;
  tr_n_preference = "local_mac";
  prach_dtx_threshold = 200;
#  pucch0_dtx_threshold = 150;
}
);

RUs = (
    {
       local_rf       = "yes"
         nb_tx          = 1
         nb_rx          = 1
         att_tx         = 0
         att_rx         = 0;
         bands          = [78];
         max_pdschReferenceSignalPower = -27;
         max_rxgain                    = 75;
         eNB_instances  = [0];
         ##beamforming 1x2 matrix: 1 layer x 2 antennas
         bf_weights = [0x00007fff, 0x0000];
         ##beamforming 1x4 matrix: 1 layer x 4 antennas
         #bf_weights = [0x00007fff, 0x0000,0x0000, 0x0000];
         ## beamforming 2x2 matrix:
         # bf_weights = [0x00007fff, 0x00000000, 0x00000000, 0x00007fff];
         ## beamforming 4x4 matrix:
         #bf_weights = [0x00007fff, 0x0000, 0x0000, 0x0000, 0x00000000, 0x00007fff, 0x0000, 0x0000, 0x0000, 0x0000, 0x00007fff, 0x0000, 0x0000, 0x0000, 0x0000, 0x00007fff];
         sf_extension = 0
         sdr_addrs = "serial=XXXXXXX"
    }
);

THREAD_STRUCT = (
  {
    #three config for level of parallelism "PARALLEL_SINGLE_THREAD", "PARALLEL_RU_L1_SPLIT", or "PARALLEL_RU_L1_TRX_SPLIT"
    parallel_config    = "PARALLEL_SINGLE_THREAD";
    #two option for worker "WORKER_DISABLE" or "WORKER_ENABLE"
    worker_config      = "WORKER_ENABLE";
  }
);

security = {
  # preferred ciphering algorithms
  # the first one of the list that an UE supports in chosen
  # valid values: nea0, nea1, nea2, nea3
  ciphering_algorithms = ( "nea0" );

  # preferred integrity algorithms
  # the first one of the list that an UE supports in chosen
  # valid values: nia0, nia1, nia2, nia3
  integrity_algorithms = ( "nia2", "nia0" );

  # setting 'drb_ciphering' to "no" disables ciphering for DRBs, no matter
  # what 'ciphering_algorithms' configures; same thing for 'drb_integrity'
  drb_ciphering = "yes";
  drb_integrity = "no";
};

     log_config :
     {
       global_log_level                      ="info";
       hw_log_level                          ="info";
       phy_log_level                         ="info";
       mac_log_level                         ="info";
       rlc_log_level                         ="info";
       pdcp_log_level                        ="info";
       rrc_log_level                         ="info";
       f1ap_log_level                         ="debug";
    };
==================================
== Load USRP binaries
==================================
== Starting gNB soft modem
Additional option(s): --sa -E --rfsim --log_config.global_log_options level,nocolor,time --opt.type pcap --opt.path /home/pcap.pcap
/opt/oai-gnb/bin/nr-softmodem -O /opt/oai-gnb/etc/gnb.conf --sa -E --rfsim --log_config.global_log_options level,nocolor,time --opt.type pcap --opt.path /home/pcap.pcap
12649.955607 [HW] I # /dev/cpu_dma_latency set to 2 us
12649.969345 [ENB_APP] I nfapi running mode: MONOLITHIC
12649.969366 [GNB_APP] I Getting GNBSParams
12650.969532 [ITTI] I Starting itti queue: TASK_UNKNOWN as task 0
12650.969548 [ITTI] I Starting itti queue: TASK_TIMER as task 1
12650.969553 [ITTI] I Starting itti queue: TASK_L2L1 as task 2
12650.969556 [ITTI] I Starting itti queue: TASK_BM as task 3
12650.969560 [ITTI] I Starting itti queue: TASK_PHY_ENB as task 4
12650.969563 [ITTI] I Starting itti queue: TASK_MAC_GNB as task 5
12650.969568 [ITTI] I Starting itti queue: TASK_RLC_ENB as task 6
12650.969580 [ITTI] I Starting itti queue: TASK_RRC_ENB_NB_IoT as task 7
12650.969584 [ITTI] I Starting itti queue: TASK_PDCP_ENB as task 8
12650.969589 [ITTI] I Starting itti queue: TASK_PDCP_GNB as task 9
12650.969594 [ITTI] I Starting itti queue: TASK_DATA_FORWARDING as task 10
12650.969598 [ITTI] I Starting itti queue: TASK_END_MARKER as task 11
12650.969602 [ITTI] I Starting itti queue: TASK_RRC_ENB as task 12
12650.969607 [ITTI] I Starting itti queue: TASK_RRC_GNB as task 13
12650.969612 [ITTI] I Starting itti queue: TASK_RAL_ENB as task 14
12650.969617 [ITTI] I Starting itti queue: TASK_S1AP as task 15
12650.969621 [ITTI] I Starting itti queue: TASK_NGAP as task 16
12650.969625 [ITTI] I Starting itti queue: TASK_X2AP as task 17
12650.969629 [ITTI] I Starting itti queue: TASK_M2AP_ENB as task 18
12650.969634 [ITTI] I Starting itti queue: TASK_M2AP_MCE as task 19
12650.969638 [ITTI] I Starting itti queue: TASK_M3AP as task 20
12650.969643 [ITTI] I Starting itti queue: TASK_M3AP_MME as task 21
12650.969647 [ITTI] I Starting itti queue: TASK_M3AP_MCE as task 22
12650.969652 [ITTI] I Starting itti queue: TASK_SCTP as task 23
12650.969656 [ITTI] I Starting itti queue: TASK_ENB_APP as task 24
12650.969661 [ITTI] I Starting itti queue: TASK_GNB_APP as task 25
12650.969665 [ITTI] I Starting itti queue: TASK_MCE_APP as task 26
12650.969670 [ITTI] I Starting itti queue: TASK_MME_APP as task 27
12650.969674 [ITTI] I Starting itti queue: TASK_PHY_UE as task 28
12650.969678 [ITTI] I Starting itti queue: TASK_MAC_UE as task 29
12650.969682 [ITTI] I Starting itti queue: TASK_RLC_UE as task 30
12650.969686 [ITTI] I Starting itti queue: TASK_PDCP_UE as task 31
12650.969690 [ITTI] I Starting itti queue: TASK_RRC_UE as task 32
12650.969694 [ITTI] I Starting itti queue: TASK_RRC_NRUE as task 33
12650.969698 [ITTI] I Starting itti queue: TASK_NAS_UE as task 34
12650.969702 [ITTI] I Starting itti queue: TASK_RAL_UE as task 35
12650.969706 [ITTI] I Starting itti queue: TASK_GTPV1_U as task 36
12650.969710 [ITTI] I Starting itti queue: TASK_CU_F1 as task 37
12650.969714 [ITTI] I Starting itti queue: TASK_DU_F1 as task 38
12650.969718 [ITTI] I Starting itti queue: TASK_CUCP_E1 as task 39
12650.969723 [ITTI] I Starting itti queue: TASK_CUUP_E1 as task 40
12650.969727 [ITTI] I Starting itti queue: TASK_RRC_UE_SIM as task 41
12650.969732 [ITTI] I Starting itti queue: TASK_RRC_GNB_SIM as task 42
12650.969735 [ITTI] I Starting itti queue: TASK_RRC_NSA_UE as task 43
12650.969740 [ITTI] I Starting itti queue: TASK_RRC_NSA_NRUE as task 44
12650.969743 [ITTI] I Starting itti queue: TASK_NAS_NRUE as task 45
12650.969760 [OPT] I mode PCAB : path is /home/pcap.pcap 
12650.969835 [HW] I Version: Branch: HEAD Abrev. Hash: 790c3b999 Date: Tue Dec 12 12:39:04 2023 +0000
12650.969838 [NR_PHY] I RC.gNB = 0x55e89b8e1660
12650.970212 [NR_PHY] I PRB blacklist 51,52,53,54
12650.970214 [NR_PHY] I Blacklisting prb 51
12650.970216 [NR_PHY] I Blacklisting prb 52
12650.970217 [NR_PHY] I Blacklisting prb 53
12650.970218 [NR_PHY] I Blacklisting prb 54
12650.970218 [NR_PHY] I Copying 4 blacklisted PRB to L1 context
12650.970244 [PHY] I L1_RX_THREAD_CORE -1 (16)
12650.970246 [PHY] I TX_AMP = 519 (-36 dBFS)
12650.970248 [PHY] I l1_north_init_gNB() RC.nb_nr_L1_inst:1
12650.970250 [PHY] I Installing callbacks for IF_Module - UL_indication
12650.970252 [MAC] I Allocating shared L1/L2 interface structure for instance 0 @ 0x55e89b8e7440
12650.970253 [PHY] I l1_north_init_gNB() RC.gNB[0] installing callbacks
12650.970337 [PHY] I create_gNB_tasks() Task ready initialize structures
12650.970453 [NR_PHY] I PRB blacklist 51,52,53,54
12650.970455 [NR_PHY] I Blacklisting prb 51
12650.970456 [NR_PHY] I Blacklisting prb 52
12650.970457 [NR_PHY] I Blacklisting prb 53
12650.970458 [NR_PHY] I Blacklisting prb 54
12650.970459 [NR_PHY] I Copying 4 blacklisted PRB to L1 context
12650.970482 [PHY] I L1_RX_THREAD_CORE -1 (16)
12650.970484 [PHY] I TX_AMP = 519 (-36 dBFS)
12650.970485 [PHY] I l1_north_init_gNB() RC.nb_nr_L1_inst:1
12650.970487 [PHY] I Installing callbacks for IF_Module - UL_indication
12650.970488 [PHY] I l1_north_init_gNB() RC.gNB[0] installing callbacks
12650.970490 [PHY] I No prs_config configuration found..!!
12650.970565 [GNB_APP] I pdsch_AntennaPorts N1 1 N2 1 XP 1 pusch_AntennaPorts 1
12650.970567 [GNB_APP] I minTXRXTIME 6
12650.970568 [GNB_APP] I SIB1 TDA 1
12650.970569 [GNB_APP] I CSI-RS 0, SRS 1, 256 QAM may be on
12650.970673 [RRC] I Read in ServingCellConfigCommon (PhysCellId 0, ABSFREQSSB 621312, DLBand 78, ABSFREQPOINTA 620040, DLBW 106,RACH_TargetReceivedPower -104
12650.970675 [NR_MAC] I NR band duplex spacing is 0 KHz (nr_bandtable[37].band = 78)
12650.970677 [RRC] I absoluteFrequencySSB 621312 corresponds to 3319680000 Hz
12650.970679 [NR_MAC] I NR band duplex spacing is 0 KHz (nr_bandtable[37].band = 78)
12650.970681 [NR_MAC] I NR band 78, duplex mode TDD, duplex spacing = 0 KHz
12650.970683 [NR_MAC] I NR band duplex spacing is 0 KHz (nr_bandtable[37].band = 78)
12650.970684 [NR_MAC] I NR band 78, duplex mode TDD, duplex spacing = 0 KHz
12650.970758 [MAC] I [MAIN] Init function start:nb_nr_macrlc_inst=1
12650.970774 [UTIL] I Creating thread MAC_STATS with affinity -1 and priority 2
12650.977175 [PHY] I Installing callbacks for IF_Module - UL_indication
12650.977188 [NR_MAC] I Configuring common parameters from NR ServingCellConfig
12650.977190 [NR_MAC] I config_common() dl_BandwidthP:40
12650.977193 [NR_MAC] I NR band duplex spacing is 0 KHz (nr_bandtable[37].band = 78)
12650.977195 [NR_MAC] I config_common() dl_BandwidthP:40
12650.977197 [NR_MAC] I NR band duplex spacing is 0 KHz (nr_bandtable[37].band = 78)
12650.977198 [NR_MAC] I NR band duplex spacing is 0 KHz (nr_bandtable[37].band = 78)
12650.977199 [NR_MAC] I NR band 78, duplex mode TDD, duplex spacing = 0 KHz
12650.977202 [NR_MAC] I ssb_OffsetPointA 86, ssb_SubcarrierOffset 0
12650.977203 [NR_MAC] I Set RX antenna number to 1, Set TX antenna number to 1 (num ssb 1: 80000000,0)
12650.977205 [NR_MAC] I Setting TDD configuration period to 6
12650.977210 [NR_MAC] I TDD has been properly configurated
12650.977214 [PHY] I DL frequency 3319680000 Hz, UL frequency 3319680000 Hz: band 78, uldl offset 0 Hz
12650.977216 [PHY] A Configuring MIB for instance 0, : (Nid_cell 0,DL freq 3319680000, UL freq 3319680000)
12650.977217 [PHY] I Initializing frame parms for mu 1, N_RB 106, Ncp 0
12650.977219 [PHY] W Init: N_RB_DL 106, first_carrier_offset 900, nb_prefix_samples 108,nb_prefix_samples0 132, ofdm_symbol_size 1536
12650.977318 [PHY] I gNB 0 configured
12650.977335 [NR_MAC] I PUSCH Target 200, PUCCH Target 200, PUCCH Failure 10, PUSCH Failure 10
12650.977415 [GNB_APP] W no slices transported via F1 Setup Request!
12650.977419 [NR_RRC] I SIB1 freq: offsetToPointA 86
12650.977440 [NR_MAC] I NR band duplex spacing is 0 KHz (nr_bandtable[37].band = 78)
12650.977442 [NR_MAC] I NR band 78, duplex mode TDD, duplex spacing = 0 KHz
12650.977475 [GNB_APP] I F1AP: gNB idx 0 gNB_DU_id 3584, gNB_DU_name gnb-rfsim, TAC 40960 MCC/MNC/length 208/95/2 cellID 12345678
12650.977477 [GNB_APP] I ngran_DU: Configuring Cell 0 for TDD
12650.977494 [PHY] I create_gNB_tasks() RC.nb_nr_L1_inst:1
12650.977496 [PHY] I l1_north_init_gNB() RC.nb_nr_L1_inst:1
12650.977498 [PHY] I Installing callbacks for IF_Module - UL_indication
12650.977499 [PHY] I l1_north_init_gNB() RC.gNB[0] installing callbacks
12650.977500 [GNB_APP] I Allocating gNB_RRC_INST for 1 instances
CMDLINE: "/opt/oai-gnb/bin/nr-softmodem" "-O" "/opt/oai-gnb/etc/gnb.conf" "--sa" "-E" "--rfsim" "--log_config.global_log_options" "level,nocolor,time" "--opt.type" "pcap" "--opt.path" "/home/pcap.pcap" 
[CONFIG] get parameters from libconfig /opt/oai-gnb/etc/gnb.conf [LIBCONFIG] Path for include directive set to: /opt/oai-gnb/etc
[CONFIG] function config_libconfig_init returned 0
[CONFIG] config module libconfig loaded
[LIBCONFIG] config: 2/2 parameters successfully set, (2 to default value)
[CONFIG] debug flags: 0x00000000
[LIBCONFIG] log_config: 3/3 parameters successfully set, (1 to default value)
[LIBCONFIG] log_config: 53/53 parameters successfully set, (46 to default value)
[LIBCONFIG] log_config: 53/53 parameters successfully set, (53 to default value)
[LIBCONFIG] log_config: 16/16 parameters successfully set, (16 to default value)
[LIBCONFIG] log_config: 16/16 parameters successfully set, (16 to default value)
log init done
Reading in command-line options
[LIBCONFIG] (root): 41/41 parameters successfully set, (38 to default value)
[LIBCONFIG] (root): 6/6 parameters successfully set, (5 to default value)
[LIBCONFIG] (root): 2/2 parameters successfully set, (0 to default value)
[LIBCONFIG] THREAD_STRUCT.[0]: 2/2 parameters successfully set, (0 to default value)
[LIBCONFIG] THREAD_STRUCT.[0]: 2/2 parameters successfully set, (0 to default value)
[CONFIG] parallel_conf is set to 0
[CONFIG] worker_conf is set to 1
Configuration: nb_rrc_inst 1, nb_nr_L1_inst 1, nb_ru 1
[LIBCONFIG] TTracer: 3/3 parameters successfully set, (3 to default value)
configuring for RAU/RRU
[LIBCONFIG] opt: 3/3 parameters successfully set, (3 to default value)
[LIBCONFIG] (root): 2/2 parameters successfully set, (0 to default value)
[LIBCONFIG] gNBs.[0]: 30/30 parameters successfully set, (21 to default value)
[LIBCONFIG] L1s.[0]: 19/19 parameters successfully set, (16 to default value)
Initializing northbound interface for L1
[LIBCONFIG] gNBs.[0]: 30/30 parameters successfully set, (21 to default value)
[LIBCONFIG] MACRLCs.[0]: 34/34 parameters successfully set, (28 to default value)
[LIBCONFIG] list gNBs.[0].E1_INTERFACE not found in config file /opt/oai-gnb/etc/gnb.conf 
[LIBCONFIG] (root): 2/2 parameters successfully set, (0 to default value)
[LIBCONFIG] gNBs.[0]: 30/30 parameters successfully set, (21 to default value)
[LIBCONFIG] (root): 2/2 parameters successfully set, (0 to default value)
[LIBCONFIG] gNBs.[0]: 30/30 parameters successfully set, (21 to default value)
[LIBCONFIG] L1s.[0]: 19/19 parameters successfully set, (16 to default value)
Initializing northbound interface for L1
[LIBCONFIG] list prs_config not found in config file /opt/oai-gnb/etc/gnb.conf 
[LIBCONFIG] (root): 2/2 parameters successfully set, (0 to default value)
[LIBCONFIG] gNBs.[0]: 30/30 parameters successfully set, (21 to default value)
[LIBCONFIG] MACRLCs.[0]: 34/34 parameters successfully set, (28 to default value)
[LIBCONFIG] gNBs.[0].servingCellConfigCommon.[0]: 60/60 parameters successfully set, (10 to default value)
[LIBCONFIG] list gNBs.[0].servingCellConfigDedicated not found in config file /opt/oai-gnb/etc/gnb.conf 
[LIBCONFIG] gNBs.[0]: 30/30 parameters successfully set, (21 to default value)
[LIBCONFIG] MACRLCs.[0]: 34/34 parameters successfully set, (28 to default value)
[LIBCONFIG] list gNBs.[0].E1_INTERFACE not found in config file /opt/oai-gnb/etc/gnb.conf 
[LIBCONFIG] gNBs.[0]: 30/30 parameters successfully set, (21 to default value)
[LIBCONFIG] MACRLCs.[0]: 34/34 parameters successfully set, (28 to default value)
[LIBCONFIG] list gNBs.[0].E1_INTERFACE not found in config file /opt/oai-gnb/etc/gnb.conf 
DL frequency 3319680000: band 78, UL frequency 3319680000
[LIBCONFIG] (root): 2/2 parameters successfully set, (0 to default value)
[LIBCONFIG] gNBs.[0]: 30/30 parameters successfully set, (21 to default value)
[LIBCONFIG] gNBs.[0].plmn_list.[0]: 3/3 parameters successfully set, (0 to default value)
[LIBCONFIG] (root): 2/2 parameters successfully set, (0 to default value)
[LIBCONFIG] gNBs.[0]: 30/30 parameters successfully set, (21 to default val12650.977671 [GNB_APP] I SDAP layer is disabled
12650.977675 [GNB_APP] I Data Radio Bearer count 1
12650.977684 [NR_RRC] I do_SIB23_NR, size 9 
 12650.977891 [PDCP] I pdcp init,usegtp 
12650.977976 [GNB_APP] I default drx 0
12650.977980 [GNB_APP] I [gNB 0] gNB_app_register for instance 0
12650.977982 [UTIL] I Creating thread TASK_SCTP with affinity -1 and priority 50
12650.980099 [ITTI] I Created Posix thread TASK_SCTP
12650.980104 [X2AP] I X2AP is disabled.
12650.980151 [UTIL] I Creating thread TASK_NGAP with affinity -1 and priority 50
12650.982151 [NGAP] I Starting NGAP layer
12650.982164 [ITTI] I Created Posix thread TASK_NGAP
12650.982167 [UTIL] I Creating thread TASK_GNB_APP with affinity -1 and priority 50
12650.982460 [NGAP] I Registered new gNB[0] and macro gNB id 3584
12650.982463 [NGAP] I [gNB 0] check the amf registration state
12650.982786 [NGAP] I 3584 -> 0000e000
12650.983214 [NGAP] I servedGUAMIs.list.count 2
12650.983218 [NGAP] I PLMNSupportList.list.count 1
12650.983219 [NGAP] I PLMNSupportList.list.count 6
12650.984565 [ITTI] I Created Posix thread TASK_GNB_APP
12650.984570 [UTIL] I Creating thread TASK_RRC_GNB with affinity -1 and priority 50
12650.984848 [GNB_APP] I [gNB 0] Received NGAP_REGISTER_GNB_CNF: associated AMF 1
12650.986884 [ITTI] I Created Posix thread TASK_RRC_GNB
12650.986904 [NR_RRC] I Entering main loop of NR_RRC message task
12650.986908 [NR_RRC] I Received F1 Setup Request from gNB_DU 3584 (gnb-rfsim) on assoc_id -1
12650.986951 [RRC] I Accepting DU 3584 (gnb-rfsim), sending F1 Setup Response
12650.986955 [MAC] I received F1 Setup Response from CU (null)
12650.986961 [GTPU] I Configuring GTPu
12650.986990 [GTPU] I SA mode 
12650.986993 [GTPU] I Configuring GTPu address : 192.168.72.153, port : 2152
12650.986995 [GTPU] I Initializing UDP for local address 192.168.72.153 with port 2152
12650.987017 [GTPU] I Created gtpu instance id: 101
12650.987022 [UTIL] I Creating thread TASK_GTPV1_U with affinity -1 and priority 50
12650.987025 [RRC] I Accepting new CU-UP ID 3584 name gnb-rfsim (assoc_id -1)
12650.989139 [ITTI] I Created Posix thread TASK_GTPV1_U
12650.993113 [PHY] I Initializing gNB 0 single_thread_flag:1
12650.993116 [PHY] I Initializing gNB 0
12650.993117 [PHY] I Registering with MAC interface module (before 0x55e89b8e7440)
12650.993119 [PHY] I Installing callbacks for IF_Module - UL_indication
12650.993120 [PHY] I Registering with MAC interface module (after 0x55e89b8e7440)
12650.993122 [PHY] I Setting indication lists
12650.993123 [PHY] I [nr-gnb.c] gNB structure allocated
12651.043478 [PHY] I RU GPIO control set as 'generic'
12651.043483 [PHY] I Setting clock source to internal
12651.043485 [PHY] I Setting time source to internal
12651.043511 [PHY] I number of L1 instances 1, number of RU 1, number of CPU cores 12
12651.043514 [PHY] E DJP - delete code above this ../../../executables/nr-ru.c:1822
12651.043515 [PHY] I Copying frame parms from gNB in RC to gNB 0 in ru 0 and frame_parms in ru
12651.043676 [PHY] I Starting ru_thread 0
12651.043680 [PHY] I Initialized RU proc 0 (,synch_to_ext_device),
12651.043681 [PHY] I RU Thread pool size 2
12651.043683 [PHY] I RU thread-pool core string -1,-1
12651.043687 [UTIL] I Creating thread Tpool0_-1 with affinity -1 and priority 50
ue)
NRRRC 0: Southbound Transport local_mac
[LIBCONFIG] gNBs.[0]: 30/30 parameters successfully set, (21 to default value)
[LIBCONFIG] MACRLCs.[0]: 34/34 parameters successfully set, (28 to default value)
[LIBCONFIG] list gNBs.[0].E1_INTERFACE not found in config file /opt/oai-gnb/etc/gnb.conf 
[LIBCONFIG] gNBs.[0].plmn_list.[0]: 3/3 parameters successfully set, (0 to default value)
[LIBCONFIG] security: 4/4 parameters successfully set, (0 to default value)
[LIBCONFIG] gNBs.[0]: 30/30 parameters successfully set, (21 to default value)
[LIBCONFIG] MACRLCs.[0]: 34/34 parameters successfully set, (28 to default value)
[LIBCONFIG] list gNBs.[0].E1_INTERFACE not found in config file /opt/oai-gnb/etc/gnb.conf 
[LIBCONFIG] gNBs.[0]: 30/30 parameters successfully set, (21 to default value)
[LIBCONFIG] MACRLCs.[0]: 34/34 parameters successfully set, (28 to default value)
[LIBCONFIG] list gNBs.[0].E1_INTERFACE not found in config file /opt/oai-gnb/etc/gnb.conf 
[LIBCONFIG] gNBs.[0]: 30/30 parameters successfully set, (21 to default value)
[LIBCONFIG] MACRLCs.[0]: 34/34 parameters successfully set, (28 to default value)
[LIBCONFIG] list gNBs.[0].E1_INTERFACE not found in config file /opt/oai-gnb/etc/gnb.conf 
[LIBCONFIG] eNBs.[0]: 1/1 parameters successfully set, (1 to default value)
[LIBCONFIG] gNBs.[0]: 1/1 parameters successfully set, (1 to default value)
[LIBCONFIG] (root): 2/2 parameters successfully set, (0 to default value)
[LIBCONFIG] gNBs.[0]: 30/30 parameters successfully set, (21 to default value)
[LIBCONFIG] gNBs.[0].plmn_list.[0]: 3/3 parameters successfully set, (0 to default value)
[LIBCONFIG] gNBs.[0].plmn_list.[0].snssaiList.[0]: 2/2 parameters successfully set, (0 to default value)
[LIBCONFIG] gNBs.[0].plmn_list.[0].snssaiList.[1]: 2/2 parameters successfully set, (0 to default value)
[LIBCONFIG] gNBs.[0].plmn_list.[0].snssaiList.[2]: 2/2 parameters successfully set, (0 to default value)
[LIBCONFIG] gNBs.[0].amf_ip_address.[0]: 4/4 parameters successfully set, (0 to default value)
[LIBCONFIG] gNBs.[0].SCTP: 2/2 parameters successfully set, (0 to default value)
[LIBCONFIG] gNBs.[0].NETWORK_INTERFACES: 10/10 parameters successfully set, (3 to default value)
[LIBCONFIG] gNBs.[0].NETWORK_INTERFACES: 10/10 parameters successfully set, (3 to default value)
[LIBCONFIG] gNBs.[0]: 30/30 parameters successfully set, (21 to default value)
[LIBCONFIG] MACRLCs.[0]: 34/34 parameters successfully set, (28 to default value)
[LIBCONFIG] list gNBs.[0].E1_INTERFACE not found in config file /opt/oai-gnb/etc/gnb.conf 
[LIBCONFIG] (root): 2/2 parameters successfully set, (0 to default value)
[LIBCONFIG] gNBs.[0]: 30/30 parameters successfully set, (21 to default value)
[LIBCONFIG] gNBs.[0].plmn_list.[0]: 3/3 parameters successfully set, (0 to default value)
[LIBCONFIG] gNBs.[0].plmn_list.[0].snssaiList.[0]: 2/2 parameters successfully set, (0 to default value)
[LIBCONFIG] gNBs.[0].plmn_list.[0].snssaiList.[1]: 2/2 parameters successfully set, (0 to default value)
[LIBCONFIG] gNBs.[0].plmn_list.[0].snssaiList.[2]: 2/2 parameters successfully set, (0 to default value)
[LIBCONFIG] (root): 2/2 parameters successfully set, (0 to default value)
[LIBCONFIG] gNBs.[0].NETWORK_INTERFACES: 10/10 parameters successfully set, (3 to default value)
START MAIN THREADS
RC.nb_nr_L1_inst:1
Initializing gNB threads single_thread_flag:1 wait_for_sync:0
wait_gNBs()
Waiting for gNB L1 instances to all get configured ... sleeping 50ms (nb_nr_sL1_inst 1)
gNB L1 are configured
About to Init RU threads RC.nb_RU:1
Initializing RU threads
configuring RU from file
[LIBCONFIG] RUs.[0]: 43/43 parameters successfully set, (31 to default value)
[LIBCONFIG] (root): 2/2 parameters successfully set, (0 to default value)
[LIBCONFIG] gNBs.[0]: 30/30 parameters successfully set, (21 to default value)
Set RU mask to 1
Creating RC.ru[0]:0x55e89b93fc60
Setting function for RU 0 to gNodeB_3GPP
[RU 0] Setting nr_flag 0, nr_band 78, nr_scs_for_raster 1
[RU 0] Setting half-slot parallelization to 1
configuring ru_id 0 (start_rf 0x55e8967ee5d0)
create a thread for core -1
create a t12651.045780 [UTIL] I Creating thread Tpool1_-1 with affinity -1 and priority 50
12651.047781 [GNB_APP] W E2 agent is DISABLED (for activation, define .e2_agent.{near_ric_ip_addr,sm_dir} parameters)
12651.047786 [UTIL] I Creating thread ru_thread with affinity -1 and priority 97
12651.049738 [PHY] I Starting RU 0 (,synch_to_ext_device) on cpu 4
12651.049743 [PHY] I Initializing frame parms for mu 1, N_RB 106, Ncp 0
12651.049745 [PHY] W Init: N_RB_DL 106, first_carrier_offset 900, nb_prefix_samples 108,nb_prefix_samples0 132, ofdm_symbol_size 1536
12651.049747 [PHY] I fp->scs=30000
12651.049748 [PHY] I fp->ofdm_symbol_size=1536
12651.049749 [PHY] I fp->nb_prefix_samples0=132
12651.049749 [PHY] I fp->nb_prefix_samples=108
12651.049750 [PHY] I fp->slots_per_subframe=2
12651.049751 [PHY] I fp->samples_per_subframe_wCP=43008
12651.049751 [PHY] I fp->samples_per_frame_wCP=430080
12651.049751 [PHY] I Waiting for RUs to be configured ... RC.ru_mask:01
12651.049753 [PHY] I fp->samples_per_subframe=46080
12651.049754 [PHY] I fp->samples_per_frame=460800
12651.049754 [PHY] I fp->dl_CarrierFreq=3319680000
12651.049755 [PHY] I fp->ul_CarrierFreq=3319680000
12651.049756 [PHY] I Setting RF config for N_RB 106, NB_RX 1, NB_TX 1
12651.049757 [PHY] I Channel 0: setting tx_gain offset 0, rx_gain offset 75, tx_freq 3319680000 Hz, rx_freq 3319680000 Hz, tune_offset 0 Hz, sample_rate 46080000 Hz
12651.049764 [PHY] I Initializing RU signal buffers (if_south local RF) nb_tx 1, nb_rx 1
12651.050328 [PHY] I [INIT] common.txdata[0] = 0x7fcc7d638040 (1843200 bytes,sf_extension 0)
12651.050331 [PHY] I [INIT] common.txdata[0] = 0x7fcc7d638040 
12651.050610 [PHY] I nb_tx 1
12651.050723 [PHY] I rxdata_7_5kHz[0] 0x7fcc8c019040 for RU 0
12651.050983 [PHY] I [INIT] common.txdata_BF= 0x7fcc6c000b00 (8 bytes)
12651.051018 [PHY] I txdataF_BF[0] 0x7fcc7d2a5040 for RU 0
12651.051076 [PHY] I rxdataF[0] 0x7fcc7d250040 for RU 0
12651.054125 [PHY] I [INIT] nr_phy_init_RU() ru->num_gNB:1 
12651.054605 [HW] W The RFSIMULATOR environment variable is deprecated and support will be removed in the future. Instead, add parameter --rfsimulator.serveraddr server to set the server address. Note: the default is "server"; for the gNB/eNB, you don't have to set any configuration.
12651.054608 [HW] I Remove RFSIMULATOR environment variable to get rid of this message and the sleep.
12661.054623 [HW] W sample_rate 46080000.000000
12661.054636 [HW] I Running as server waiting opposite rfsimulators to connect
12661.054713 [HW] I [RAU] has loaded RFSIMULATOR device.
12661.054717 [PHY] I RU 0 Setting N_TA_offset to 600 samples (factor 1.500000, UL Freq 3300600, N_RB 106, mu 1)
12661.054719 [PHY] I Signaling main thread that RU 0 is ready, sl_ahead 6
12661.054730 [PHY] I RUs configured
12661.054736 [PHY] I init_eNB_afterRU() RC.nb_nr_inst:1
12661.054739 [PHY] I RC.nb_nr_CC[inst:0]:0x7fcc8fa26010
12661.054740 [PHY] I [gNB 0] phy_init_nr_gNB() About to wait for gNB to be configured
12661.227269 [PHY] I Initialise nr transport
12661.396309 [PHY] I Mapping RX ports from 1 RUs to gNB 0
12661.396319 [PHY] I gNB->num_RU:1
12661.396320 [PHY] I Attaching RU 0 antenna 0 to gNB antenna 0
12661.396327 [UTIL] I Creating thread Tpool0_-1 with affinity -1 and priority 50
12661.398448 [UTIL] I Creating thread Tpool1_-1 with affinity -1 and priority 50
12661.400513 [UTIL] I Creating thread Tpool2_-1 with affinity -1 and priority 50
12661.402494 [UTIL] I Creating thread Tpool3_-1 with affinity -1 and priority 50
12661.404518 [UTIL] I Creating thread Tpool4_-1 with affinity -1 and priority 50
12661.406490 [UTIL] I Creating thread Tpool5_-1 with affinity -1 and priority 50
12661.408547 [UTIL] I Creating thread Tpool6_-1 with affinity -1 and priority 50
12661.410553 [UTIL] I Creating thread Tpool7_-1 with affinity -1 and priority 50
12661.422750 [PHY] I Creating thread for TX reordering and dispatching to RU
12661.422759 [UTIL] I Creating thread thread_tx_reorder with affinity -1 and priority 97
12661.424907 [UTIL] I Creating thread L1_stats with affinity -1 and priority 1
hread for core -1
[LIBCONFIG] e2_agent: 2/2 parameters successfully set, (2 to default value)
wait RUs
[LIBCONFIG] device.recplay: 8/8 parameters successfully set, (8 to default value)
[LIBCONFIG] device: 1/1 parameters successfully set, (1 to default value)
[LIBCONFIG] loader: 2/2 parameters successfully set, (2 to default value)
[LIBCONFIG] loader.rfsimulator: 2/2 parameters successfully set, (1 to default value)
shlib_path librfsimulator.so
[LOADER] library librfsimulator.so successfully loaded
[LIBCONFIG] rfsimulator: 9/9 parameters successfully set, (8 to default value)
Initializing random number generator, seed 5177115554015707297
setup_RU_buffers: frame_parms = 0x7fcc8c0ce010
waiting for sync (ru_thread,-1/0x55e89740e0b4,0x55e898d103a0,0x55e898d0f5e0)
RC.ru_mask:00
ALL RUs READY!
RC.nb_RU:1
ALL RUs ready - init gNBs
Not NFAPI mode - call init_eNB_afterRU()
[LIBCONFIG] loader.dfts: 2/2 parameters successfully set, (1 to default value)
shlib_path libdfts.so
[LOADER] library libdfts.so successfully loaded
[LIBCONFIG] loader.ldpc: 2/2 parameters successfully set, (1 to default value)
shlib_path libldpc.so
[LOADER] library libldpc.so successfully loaded
create a thread for core -1
create a thread for core -1
create a thread for core -1
create a thread for core -1
create a thread for core -1
create a thread for core -1
create a thread for core -1
create a thread for core -1
waiting for sync (L1_stats_thread,-1/0x55e89740e0b4,0x55e898d103a0,0x55e898d0f5e0)
ALL RUs ready - ALL gNBs ready
Sending sync to all threads
Entering ITTI signals handler
TYPE <CTRL-C> TO TERMINATE
got sync (L1_stats_thread)
got sync (ru_thread)
12661.426972 [HW] W running command "/sbin/sysctl -n -e -q -w net.core.rmem_default=134217728" to increase RFsim performance
12661.428136 [HW] W running command "/sbin/sysctl -n -e -q -w net.core.rmem_max=134217728" to increase RFsim performance
12661.428768 [HW] W running command "/sbin/sysctl -n -e -q -w net.core.wmem_default=134217728" to increase RFsim performance
12661.429395 [HW] W running command "/sbin/sysctl -n -e -q -w net.core.wmem_max=134217728" to increase RFsim performance
12661.430016 [PHY] I RU 0 rf device ready
12661.430020 [PHY] I RU 0 RF started opp_enabled 0
12661.430025 [HW] W No connected device, generating void samples...
12661.431595 [PHY] I tx_reorder_thread started
12664.043725 [NR_MAC] I Frame.Slot 128.0

12666.659603 [NR_MAC] I Frame.Slot 256.0

12669.276916 [NR_MAC] I Frame.Slot 384.0

12669.450417 [HW] I A client connects, sending the current time
12670.672399 [NR_MAC] I Frame.Slot 512.0

12670.723788 [NR_PHY] I [gNB 0][RAPROC] Frame 535, slot 19 Initiating RA procedure with preamble 17, energy 54.9 dB (I0 0, thres 200), delay 0 start symbol 0 freq index 0
12670.723916 [MAC] A UL_info[Frame 535, Slot 19] Calling initiate_ra_proc RACH:SFN/SLOT:535/19
12670.723923 [NR_MAC] I [gNB 0][RAPROC] CC_id 0 Frame 535 Activating Msg2 generation in frame 536, slot 7 using RA rnti 10b SSB, new rnti 84b1 index 0 RA index 0
12670.723981 [NR_MAC] A [gNB 0][RAPROC] CC_id 0 Frame 536, slotP 7: Generating RA-Msg2 DCI, rnti 0x10b, state 1, CoreSetType 2
12670.723994 [NR_MAC] I [RAPROC] Msg3 slot 17: current slot 7 Msg3 frame 536 k2 7 Msg3_tda_id 3
12670.724020 [NR_MAC] W [gNB 0][RAPROC] Frame 536, Subframe 7: rnti 84b1 RA state 2
12670.725921 [NR_MAC] I Adding UE with rnti 0x84b1
12670.726433 [NR_MAC] I [gNB 0][RAPROC] PUSCH with TC_RNTI 0x84b1 received correctly, adding UE MAC Context RNTI 0x84b1
12670.726440 [NR_MAC] A [RAPROC] RA-Msg3 received (sdu_lenP 7)
12670.726455 [MAC] W [RAPROC] Received SDU for CCCH length 6 for UE 84b1
12670.726475 [RLC] I activated srb0 for UE with RNTI 0x84b1
12670.726480 [RLC] I Added srb 1 to UE with RNTI 0x84b1
12670.726546 [NR_MAC] I Activating scheduling RA-Msg4 for TC_RNTI 0x84b1 (state 2)
12670.726549 [NR_MAC] W Unexpected ULSCH HARQ PID 0 (have -1) for RNTI 0x84b1 (ignore this warning for RA)
12670.726552 [NR_RRC] I Decoding CCCH: RNTI 84b1, payload_size 6
12670.726726 [NR_RRC] I Returning new RRC UE context RRC ue id: 1
12670.726734 [NR_RRC] I Created new UE context: CU UE ID 1 DU UE ID 33969 (rnti: 84b1, random ue id be0b12800e000000)
12670.726736 [NR_RRC] I rrc_gNB_generate_RRCSetup for RNTI 84b1
12670.726748 [NR_MAC] I No CU UE ID stored for UE RNTI 84b1, adding CU UE ID 1
12670.726768 [NR_MAC] I ( 537. 7) SRB0 has 137 bytes
12670.726898 [NR_MAC] I ( 537.10) SRB0 has 137 bytes
12670.726913 [NR_MAC] I UE 84b1 Generate msg4: feedback at  537.17, payload 149 bytes, next state WAIT_Msg4_ACK
12670.729066 [NR_MAC] A (UE RNTI 0x84b1) Received Ack of RA-Msg4. CBRA procedure succeeded!
12670.729083 [NR_MAC] I  538. 3 UE 84b1: Activate RRC processing timer (10 ms)
12670.734665 [NR_MAC] I  539. 9 RNTI 84b1: RRC processing timer expired
12670.740358 [NR_RRC] I Received rrcSetupComplete, 5g_s_TMSI: 0x123456789ABC, amf_set_id: 0x48(72), amf_pointer: 0x34(52), 5g TMSI: 0x56789ABC 
12670.740372 [NR_RRC] A [FRAME 00000][gNB][MOD 00][RNTI 1] [RAPROC] Logical Channel UL-DCCH, processing NR_RRCSetupComplete from UE (SRB1 Active)
12670.740379 [NR_RRC] I [FRAME 00000][gNB][MOD 00][RNTI 1] UE State = NR_RRC_CONNECTED 
12670.740388 [NGAP] I [gNB 0] Chose AMF 'OAI-AMF' (assoc_id 5) through selected PLMN Identity index 0 MCC 208 MNC 95
12671.008123 [NR_MAC] I Frame.Slot 640.0
UE RNTI 84b1 (1) PH 0 dB PCMAX 0 dBm, average RSRP -44 (12 meas)
UE 84b1: dlsch_rounds 13/0/0/0, dlsch_errors 0, pucch0_DTX 0, BLER 0.03874 MCS 9
UE 84b1: dlsch_total_bytes 1476
UE 84b1: ulsch_rounds 104/0/0/0, ulsch_DTX 0, ulsch_errors 0, BLER 0.03487 MCS 9
UE 84b1: ulsch_total_bytes_scheduled 11972, ulsch_total_bytes_received 11972
UE 84b1: LCID 1: TX             62 RX             49 bytes

12671.339903 [NR_MAC] I Frame.Slot 768.0
UE RNTI 84b1 (1) PH 0 dB PCMAX 0 dBm, average RSRP -44 (16 meas)
UE 84b1: dlsch_rounds 26/0/0/0, dlsch_errors 0, pucch0_DTX 0, BLER 0.00985 MCS 9
UE 84b1: dlsch_total_bytes 3075
UE 84b1: ulsch_rounds 232/0/0/0, ulsch_DTX 0, ulsch_errors 0, BLER 0.00985 MCS 9
UE 84b1: ulsch_total_bytes_scheduled 26820, ulsch_total_bytes_received 26820
UE 84b1: LCID 1: TX             62 RX             49 bytes

12671.683524 [NR_MAC] I Frame.Slot 896.0
UE RNTI 84b1 (1) PH 0 dB PCMAX 0 dBm, average RSRP -44 (16 meas)
UE 84b1: dlsch_rounds 38/0/0/0, dlsch_errors 0, pucch0_DTX 0, BLER 0.00278 MCS 9
UE 84b1: dlsch_total_bytes 4551
UE 84b1: ulsch_rounds 360/0/0/0, ulsch_DTX 0, ulsch_errors 0, BLER 0.00250 MCS 9
UE 84b1: ulsch_total_bytes_scheduled 41668, ulsch_total_bytes_received 41668
UE 84b1: LCID 1: TX             62 RX             49 bytes

12672.032179 [NR_MAC] I Frame.Slot 0.0
UE RNTI 84b1 (1) PH 0 dB PCMAX 0 dBm, average RSRP -44 (16 meas)
UE 84b1: dlsch_rounds 51/0/0/0, dlsch_errors 0, pucch0_DTX 0, BLER 0.00071 MCS 9
UE 84b1: dlsch_total_bytes 6150
UE 84b1: ulsch_rounds 488/0/0/0, ulsch_DTX 0, ulsch_errors 0, BLER 0.00064 MCS 9
UE 84b1: ulsch_total_bytes_scheduled 56516, ulsch_total_bytes_received 56516
UE 84b1: LCID 1: TX             62 RX             49 bytes

12672.369385 [NR_MAC] I Frame.Slot 128.0
UE RNTI 84b1 (1) PH 0 dB PCMAX 0 dBm, average RSRP -44 (16 meas)
UE 84b1: dlsch_rounds 64/0/0/0, dlsch_errors 0, pucch0_DTX 0, BLER 0.00018 MCS 9
UE 84b1: dlsch_total_bytes 7749
UE 84b1: ulsch_rounds 616/0/0/0, ulsch_DTX 0, ulsch_errors 0, BLER 0.00016 MCS 9
UE 84b1: ulsch_total_bytes_scheduled 71364, ulsch_total_bytes_received 71364
UE 84b1: LCID 1: TX             62 RX             49 bytes

12672.714238 [NR_MAC] I Frame.Slot 256.0
UE RNTI 84b1 (1) PH 0 dB PCMAX 0 dBm, average RSRP -44 (16 meas)
UE 84b1: dlsch_rounds 77/0/0/0, dlsch_errors 0, pucch0_DTX 0, BLER 0.00005 MCS 9
UE 84b1: dlsch_total_bytes 9348
UE 84b1: ulsch_rounds 744/0/0/0, ulsch_DTX 0, ulsch_errors 0, BLER 0.00004 MCS 9
UE 84b1: ulsch_total_bytes_scheduled 86212, ulsch_total_bytes_received 86212
UE 84b1: LCID 1: TX             62 RX             49 bytes

12673.029952 [NR_MAC] I Frame.Slot 384.0
UE RNTI 84b1 (1) PH 0 dB PCMAX 0 dBm, average RSRP -44 (16 meas)
UE 84b1: dlsch_rounds 90/0/0/0, dlsch_errors 0, pucch0_DTX 0, BLER 0.00001 MCS 9
UE 84b1: dlsch_total_bytes 10947
UE 84b1: ulsch_rounds 872/0/0/0, ulsch_DTX 0, ulsch_errors 0, BLER 0.00001 MCS 9
UE 84b1: ulsch_total_bytes_scheduled 101060, ulsch_total_bytes_received 101060
UE 84b1: LCID 1: TX             62 RX             49 bytes

12673.365402 [NR_MAC] I Frame.Slot 512.0
UE RNTI 84b1 (1) PH 0 dB PCMAX 0 dBm, average RSRP -44 (16 meas)
UE 84b1: dlsch_rounds 102/0/0/0, dlsch_errors 0, pucch0_DTX 0, BLER 0.00000 MCS 9
UE 84b1: dlsch_total_bytes 12423
UE 84b1: ulsch_rounds 1000/0/0/0, ulsch_DTX 0, ulsch_errors 0, BLER 0.00000 MCS 9
UE 84b1: ulsch_total_bytes_scheduled 115908, ulsch_total_bytes_received 115908
UE 84b1: LCID 1: TX             62 RX             49 bytes

12673.700000 [NR_MAC] I Frame.Slot 640.0
UE RNTI 84b1 (1) PH 0 dB PCMAX 0 dBm, average RSRP -44 (16 meas)
UE 84b1: dlsch_rounds 115/0/0/0, dlsch_errors 0, pucch0_DTX 0, BLER 0.00000 MCS 9
UE 84b1: dlsch_total_bytes 14022
UE 84b1: ulsch_rounds 1128/0/0/0, ulsch_DTX 0, ulsch_errors 0, BLER 0.00000 MCS 9
UE 84b1: ulsch_total_bytes_scheduled 130756, ulsch_total_bytes_received 130756
UE 84b1: LCID 1: TX             62 RX             49 bytes

12674.019085 [NR_MAC] I Frame.Slot 768.0
UE RNTI 84b1 (1) PH 0 dB PCMAX 0 dBm, average RSRP -44 (16 meas)
UE 84b1: dlsch_rounds 128/0/0/0, dlsch_errors 0, pucch0_DTX 0, BLER 0.00000 MCS 9
UE 84b1: dlsch_total_bytes 15621
UE 84b1: ulsch_rounds 1256/0/0/0, ulsch_DTX 0, ulsch_errors 0, BLER 0.00000 MCS 9
UE 84b1: ulsch_total_bytes_scheduled 145604, ulsch_total_bytes_received 145604
UE 84b1: LCID 1: TX             62 RX             49 bytes

12674.338903 [NR_MAC] I Frame.Slot 896.0
UE RNTI 84b1 (1) PH 0 dB PCMAX 0 dBm, average RSRP -44 (16 meas)
UE 84b1: dlsch_rounds 141/0/0/0, dlsch_errors 0, pucch0_DTX 0, BLER 0.00000 MCS 9
UE 84b1: dlsch_total_bytes 17220
UE 84b1: ulsch_rounds 1384/0/0/0, ulsch_DTX 0, ulsch_errors 0, BLER 0.00000 MCS 9
UE 84b1: ulsch_total_bytes_scheduled 160452, ulsch_total_bytes_received 160452
UE 84b1: LCID 1: TX             62 RX             49 bytes

12674.672255 [NR_MAC] I Frame.Slot 0.0
UE RNTI 84b1 (1) PH 0 dB PCMAX 0 dBm, average RSRP -44 (16 meas)
UE 84b1: dlsch_rounds 154/0/0/0, dlsch_errors 0, pucch0_DTX 0, BLER 0.00000 MCS 9
UE 84b1: dlsch_total_bytes 18819
UE 84b1: ulsch_rounds 1512/0/0/0, ulsch_DTX 0, ulsch_errors 0, BLER 0.00000 MCS 9
UE 84b1: ulsch_total_bytes_scheduled 175300, ulsch_total_bytes_received 175300
UE 84b1: LCID 1: TX             62 RX             49 bytes

12675.057414 [NR_MAC] I Frame.Slot 128.0
UE RNTI 84b1 (1) PH 0 dB PCMAX 0 dBm, average RSRP -44 (16 meas)
UE 84b1: dlsch_rounds 166/0/0/0, dlsch_errors 0, pucch0_DTX 0, BLER 0.00000 MCS 9
UE 84b1: dlsch_total_bytes 20295
UE 84b1: ulsch_rounds 1640/0/0/0, ulsch_DTX 0, ulsch_errors 0, BLER 0.00000 MCS 9
UE 84b1: ulsch_total_bytes_scheduled 190148, ulsch_total_bytes_received 190148
UE 84b1: LCID 1: TX             62 RX             49 bytes

12675.382285 [NR_MAC] I Frame.Slot 256.0
UE RNTI 84b1 (1) PH 0 dB PCMAX 0 dBm, average RSRP -44 (16 meas)
UE 84b1: dlsch_rounds 179/0/0/0, dlsch_errors 0, pucch0_DTX 0, BLER 0.00000 MCS 9
UE 84b1: dlsch_total_bytes 21894
UE 84b1: ulsch_rounds 1768/0/0/0, ulsch_DTX 0, ulsch_errors 0, BLER 0.00000 MCS 9
UE 84b1: ulsch_total_bytes_scheduled 204996, ulsch_total_bytes_received 204996
UE 84b1: LCID 1: TX             62 RX             49 bytes

12675.714909 [NR_MAC] I Frame.Slot 384.0
UE RNTI 84b1 (1) PH 0 dB PCMAX 0 dBm, average RSRP -44 (16 meas)
UE 84b1: dlsch_rounds 192/0/0/0, dlsch_errors 0, pucch0_DTX 0, BLER 0.00000 MCS 9
UE 84b1: dlsch_total_bytes 23493
UE 84b1: ulsch_rounds 1896/0/0/0, ulsch_DTX 0, ulsch_errors 0, BLER 0.00000 MCS 9
UE 84b1: ulsch_total_bytes_scheduled 219844, ulsch_total_bytes_received 219844
UE 84b1: LCID 1: TX             62 RX             49 bytes

12676.058646 [NR_MAC] I Frame.Slot 512.0
UE RNTI 84b1 (1) PH 0 dB PCMAX 0 dBm, average RSRP -44 (16 meas)
UE 84b1: dlsch_rounds 205/0/0/0, dlsch_errors 0, pucch0_DTX 0, BLER 0.00000 MCS 9
UE 84b1: dlsch_total_bytes 25092
UE 84b1: ulsch_rounds 2024/0/0/0, ulsch_DTX 0, ulsch_errors 0, BLER 0.00000 MCS 9
UE 84b1: ulsch_total_bytes_scheduled 234692, ulsch_total_bytes_received 234692
UE 84b1: LCID 1: TX             62 RX             49 bytes

12676.425029 [NR_MAC] I Frame.Slot 640.0
UE RNTI 84b1 (1) PH 0 dB PCMAX 0 dBm, average RSRP -44 (16 meas)
UE 84b1: dlsch_rounds 218/0/0/0, dlsch_errors 0, pucch0_DTX 0, BLER 0.00000 MCS 9
UE 84b1: dlsch_total_bytes 26691
UE 84b1: ulsch_rounds 2152/0/0/0, ulsch_DTX 0, ulsch_errors 0, BLER 0.00000 MCS 9
UE 84b1: ulsch_total_bytes_scheduled 249540, ulsch_total_bytes_received 249540
UE 84b1: LCID 1: TX             62 RX             49 bytes

12676.757548 [NR_MAC] I Frame.Slot 768.0
UE RNTI 84b1 (1) PH 0 dB PCMAX 0 dBm, average RSRP -44 (16 meas)
UE 84b1: dlsch_rounds 230/0/0/0, dlsch_errors 0, pucch0_DTX 0, BLER 0.00000 MCS 9
UE 84b1: dlsch_total_bytes 28167
UE 84b1: ulsch_rounds 2280/0/0/0, ulsch_DTX 0, ulsch_errors 0, BLER 0.00000 MCS 9
UE 84b1: ulsch_total_bytes_scheduled 264388, ulsch_total_bytes_received 264388
UE 84b1: LCID 1: TX             62 RX             49 bytes

12677.098838 [NR_MAC] I Frame.Slot 896.0
UE RNTI 84b1 (1) PH 0 dB PCMAX 0 dBm, average RSRP -44 (16 meas)
UE 84b1: dlsch_rounds 243/0/0/0, dlsch_errors 0, pucch0_DTX 0, BLER 0.00000 MCS 9
UE 84b1: dlsch_total_bytes 29766
UE 84b1: ulsch_rounds 2408/0/0/0, ulsch_DTX 0, ulsch_errors 0, BLER 0.00000 MCS 9
UE 84b1: ulsch_total_bytes_scheduled 279236, ulsch_total_bytes_received 279236
UE 84b1: LCID 1: TX             62 RX             49 bytes

12677.427169 [NR_MAC] I Frame.Slot 0.0
UE RNTI 84b1 (1) PH 0 dB PCMAX 0 dBm, average RSRP -44 (16 meas)
UE 84b1: dlsch_rounds 256/0/0/0, dlsch_errors 0, pucch0_DTX 0, BLER 0.00000 MCS 9
UE 84b1: dlsch_total_bytes 31365
UE 84b1: ulsch_rounds 2536/0/0/0, ulsch_DTX 0, ulsch_errors 0, BLER 0.00000 MCS 9
UE 84b1: ulsch_total_bytes_scheduled 294084, ulsch_total_bytes_received 294084
UE 84b1: LCID 1: TX             62 RX             49 bytes

12677.776827 [NR_MAC] I Frame.Slot 128.0
UE RNTI 84b1 (1) PH 0 dB PCMAX 0 dBm, average RSRP -44 (16 meas)
UE 84b1: dlsch_rounds 269/0/0/0, dlsch_errors 0, pucch0_DTX 0, BLER 0.00000 MCS 9
UE 84b1: dlsch_total_bytes 32964
UE 84b1: ulsch_rounds 2664/0/0/0, ulsch_DTX 0, ulsch_errors 0, BLER 0.00000 MCS 9
UE 84b1: ulsch_total_bytes_scheduled 308932, ulsch_total_bytes_received 308932
UE 84b1: LCID 1: TX             62 RX             49 bytes

12678.115393 [NR_MAC] I Frame.Slot 256.0
UE RNTI 84b1 (1) PH 0 dB PCMAX 0 dBm, average RSRP -44 (16 meas)
UE 84b1: dlsch_rounds 282/0/0/0, dlsch_errors 0, pucch0_DTX 0, BLER 0.00000 MCS 9
UE 84b1: dlsch_total_bytes 34563
UE 84b1: ulsch_rounds 2792/0/0/0, ulsch_DTX 0, ulsch_errors 0, BLER 0.00000 MCS 9
UE 84b1: ulsch_total_bytes_scheduled 323780, ulsch_total_bytes_received 323780
UE 84b1: LCID 1: TX             62 RX             49 bytes

12678.459722 [NR_MAC] I Frame.Slot 384.0
UE RNTI 84b1 (1) PH 0 dB PCMAX 0 dBm, average RSRP -44 (16 meas)
UE 84b1: dlsch_rounds 294/0/0/0, dlsch_errors 0, pucch0_DTX 0, BLER 0.00000 MCS 9
UE 84b1: dlsch_total_bytes 36039
UE 84b1: ulsch_rounds 2920/0/0/0, ulsch_DTX 0, ulsch_errors 0, BLER 0.00000 MCS 9
UE 84b1: ulsch_total_bytes_scheduled 338628, ulsch_total_bytes_received 338628
UE 84b1: LCID 1: TX             62 RX             49 bytes

12678.808765 [NR_MAC] I Frame.Slot 512.0
UE RNTI 84b1 (1) PH 0 dB PCMAX 0 dBm, average RSRP -44 (16 meas)
UE 84b1: dlsch_rounds 307/0/0/0, dlsch_errors 0, pucch0_DTX 0, BLER 0.00000 MCS 9
UE 84b1: dlsch_total_bytes 37638
UE 84b1: ulsch_rounds 3048/0/0/0, ulsch_DTX 0, ulsch_errors 0, BLER 0.00000 MCS 9
UE 84b1: ulsch_total_bytes_scheduled 353476, ulsch_total_bytes_received 353476
UE 84b1: LCID 1: TX             62 RX             49 bytes

12679.159924 [NR_MAC] I Frame.Slot 640.0
UE RNTI 84b1 (1) PH 0 dB PCMAX 0 dBm, average RSRP -44 (16 meas)
UE 84b1: dlsch_rounds 320/0/0/0, dlsch_errors 0, pucch0_DTX 0, BLER 0.00000 MCS 9
UE 84b1: dlsch_total_bytes 39237
UE 84b1: ulsch_rounds 3176/0/0/0, ulsch_DTX 0, ulsch_errors 0, BLER 0.00000 MCS 9
UE 84b1: ulsch_total_bytes_scheduled 368324, ulsch_total_bytes_received 368324
UE 84b1: LCID 1: TX             62 RX             49 bytes

12679.494028 [NR_MAC] I Frame.Slot 768.0
UE RNTI 84b1 (1) PH 0 dB PCMAX 0 dBm, average RSRP -44 (16 meas)
UE 84b1: dlsch_rounds 333/0/0/0, dlsch_errors 0, pucch0_DTX 0, BLER 0.00000 MCS 9
UE 84b1: dlsch_total_bytes 40836
UE 84b1: ulsch_rounds 3304/0/0/0, ulsch_DTX 0, ulsch_errors 0, BLER 0.00000 MCS 9
UE 84b1: ulsch_total_bytes_scheduled 383172, ulsch_total_bytes_received 383172
UE 84b1: LCID 1: TX             62 RX             49 bytes

12679.847935 [NR_MAC] I Frame.Slot 896.0
UE RNTI 84b1 (1) PH 0 dB PCMAX 0 dBm, average RSRP -44 (16 meas)
UE 84b1: dlsch_rounds 346/0/0/0, dlsch_errors 0, pucch0_DTX 0, BLER 0.00000 MCS 9
UE 84b1: dlsch_total_bytes 42435
UE 84b1: ulsch_rounds 3432/0/0/0, ulsch_DTX 0, ulsch_errors 0, BLER 0.00000 MCS 9
UE 84b1: ulsch_total_bytes_scheduled 398020, ulsch_total_bytes_received 398020
UE 84b1: LCID 1: TX             62 RX             49 bytes

12680.213451 [NR_MAC] I Frame.Slot 0.0
UE RNTI 84b1 (1) PH 0 dB PCMAX 0 dBm, average RSRP -44 (16 meas)
UE 84b1: dlsch_rounds 358/0/0/0, dlsch_errors 0, pucch0_DTX 0, BLER 0.00000 MCS 9
UE 84b1: dlsch_total_bytes 43911
UE 84b1: ulsch_rounds 3560/0/0/0, ulsch_DTX 0, ulsch_errors 0, BLER 0.00000 MCS 9
UE 84b1: ulsch_total_bytes_scheduled 412868, ulsch_total_bytes_received 412868
UE 84b1: LCID 1: TX             62 RX             49 bytes

12680.566173 [NR_MAC] I Frame.Slot 128.0
UE RNTI 84b1 (1) PH 0 dB PCMAX 0 dBm, average RSRP -44 (16 meas)
UE 84b1: dlsch_rounds 371/0/0/0, dlsch_errors 0, pucch0_DTX 0, BLER 0.00000 MCS 9
UE 84b1: dlsch_total_bytes 45510
UE 84b1: ulsch_rounds 3688/0/0/0, ulsch_DTX 0, ulsch_errors 0, BLER 0.00000 MCS 9
UE 84b1: ulsch_total_bytes_scheduled 427716, ulsch_total_bytes_received 427716
UE 84b1: LCID 1: TX             62 RX             49 bytes

12680.920199 [NR_MAC] I Frame.Slot 256.0
UE RNTI 84b1 (1) PH 0 dB PCMAX 0 dBm, average RSRP -44 (16 meas)
UE 84b1: dlsch_rounds 384/0/0/0, dlsch_errors 0, pucch0_DTX 0, BLER 0.00000 MCS 9
UE 84b1: dlsch_total_bytes 47109
UE 84b1: ulsch_rounds 3816/0/0/0, ulsch_DTX 0, ulsch_errors 0, BLER 0.00000 MCS 9
UE 84b1: ulsch_total_bytes_scheduled 442564, ulsch_total_bytes_received 442564
UE 84b1: LCID 1: TX             62 RX             49 bytes

12681.258600 [NR_MAC] I Frame.Slot 384.0
UE RNTI 84b1 (1) PH 0 dB PCMAX 0 dBm, average RSRP -44 (16 meas)
UE 84b1: dlsch_rounds 397/0/0/0, dlsch_errors 0, pucch0_DTX 0, BLER 0.00000 MCS 9
UE 84b1: dlsch_total_bytes 48708
UE 84b1: ulsch_rounds 3944/0/0/0, ulsch_DTX 0, ulsch_errors 0, BLER 0.00000 MCS 9
UE 84b1: ulsch_total_bytes_scheduled 457412, ulsch_total_bytes_received 457412
UE 84b1: LCID 1: TX             62 RX             49 bytes

12681.618200 [NR_MAC] I Frame.Slot 512.0
UE RNTI 84b1 (1) PH 0 dB PCMAX 0 dBm, average RSRP -44 (16 meas)
UE 84b1: dlsch_rounds 410/0/0/0, dlsch_errors 0, pucch0_DTX 0, BLER 0.00000 MCS 9
UE 84b1: dlsch_total_bytes 50307
UE 84b1: ulsch_rounds 4072/0/0/0, ulsch_DTX 0, ulsch_errors 0, BLER 0.00000 MCS 9
UE 84b1: ulsch_total_bytes_scheduled 472260, ulsch_total_bytes_received 472260
UE 84b1: LCID 1: TX             62 RX             49 bytes

12681.985154 [NR_MAC] I Frame.Slot 640.0
UE RNTI 84b1 (1) PH 0 dB PCMAX 0 dBm, average RSRP -44 (16 meas)
UE 84b1: dlsch_rounds 422/0/0/0, dlsch_errors 0, pucch0_DTX 0, BLER 0.00000 MCS 9
UE 84b1: dlsch_total_bytes 51783
UE 84b1: ulsch_rounds 4200/0/0/0, ulsch_DTX 0, ulsch_errors 0, BLER 0.00000 MCS 9
UE 84b1: ulsch_total_bytes_scheduled 487108, ulsch_total_bytes_received 487108
UE 84b1: LCID 1: TX             62 RX             49 bytes

12682.328894 [NR_MAC] I Frame.Slot 768.0
UE RNTI 84b1 (1) PH 0 dB PCMAX 0 dBm, average RSRP -44 (16 meas)
UE 84b1: dlsch_rounds 435/0/0/0, dlsch_errors 0, pucch0_DTX 0, BLER 0.00000 MCS 9
UE 84b1: dlsch_total_bytes 53382
UE 84b1: ulsch_rounds 4328/0/0/0, ulsch_DTX 0, ulsch_errors 0, BLER 0.00000 MCS 9
UE 84b1: ulsch_total_bytes_scheduled 501956, ulsch_total_bytes_received 501956
UE 84b1: LCID 1: TX             62 RX             49 bytes

12682.674367 [NR_MAC] I Frame.Slot 896.0
UE RNTI 84b1 (1) PH 0 dB PCMAX 0 dBm, average RSRP -44 (16 meas)
UE 84b1: dlsch_rounds 448/0/0/0, dlsch_errors 0, pucch0_DTX 0, BLER 0.00000 MCS 9
UE 84b1: dlsch_total_bytes 54981
UE 84b1: ulsch_rounds 4456/0/0/0, ulsch_DTX 0, ulsch_errors 0, BLER 0.00000 MCS 9
UE 84b1: ulsch_total_bytes_scheduled 516804, ulsch_total_bytes_received 516804
UE 84b1: LCID 1: TX             62 RX             49 bytes

12683.019032 [NR_MAC] I Frame.Slot 0.0
UE RNTI 84b1 (1) PH 0 dB PCMAX 0 dBm, average RSRP -44 (16 meas)
UE 84b1: dlsch_rounds 461/0/0/0, dlsch_errors 0, pucch0_DTX 0, BLER 0.00000 MCS 9
UE 84b1: dlsch_total_bytes 56580
UE 84b1: ulsch_rounds 4584/0/0/0, ulsch_DTX 0, ulsch_errors 0, BLER 0.00000 MCS 9
UE 84b1: ulsch_total_bytes_scheduled 531652, ulsch_total_bytes_received 531652
UE 84b1: LCID 1: TX             62 RX             49 bytes

12683.345574 [NR_MAC] I Frame.Slot 128.0
UE RNTI 84b1 (1) PH 0 dB PCMAX 0 dBm, average RSRP -44 (16 meas)
UE 84b1: dlsch_rounds 474/0/0/0, dlsch_errors 0, pucch0_DTX 0, BLER 0.00000 MCS 9
UE 84b1: dlsch_total_bytes 58179
UE 84b1: ulsch_rounds 4712/0/0/0, ulsch_DTX 0, ulsch_errors 0, BLER 0.00000 MCS 9
UE 84b1: ulsch_total_bytes_scheduled 546500, ulsch_total_bytes_received 546500
UE 84b1: LCID 1: TX             62 RX             49 bytes

12683.676985 [NR_MAC] I Frame.Slot 256.0
UE RNTI 84b1 (1) PH 0 dB PCMAX 0 dBm, average RSRP -44 (16 meas)
UE 84b1: dlsch_rounds 486/0/0/0, dlsch_errors 0, pucch0_DTX 0, BLER 0.00000 MCS 9
UE 84b1: dlsch_total_bytes 59655
UE 84b1: ulsch_rounds 4840/0/0/0, ulsch_DTX 0, ulsch_errors 0, BLER 0.00000 MCS 9
UE 84b1: ulsch_total_bytes_scheduled 561348, ulsch_total_bytes_received 561348
UE 84b1: LCID 1: TX             62 RX             49 bytes

12684.012278 [NR_MAC] I Frame.Slot 384.0
UE RNTI 84b1 (1) PH 0 dB PCMAX 0 dBm, average RSRP -44 (16 meas)
UE 84b1: dlsch_rounds 499/0/0/0, dlsch_errors 0, pucch0_DTX 0, BLER 0.00000 MCS 9
UE 84b1: dlsch_total_bytes 61254
UE 84b1: ulsch_rounds 4968/0/0/0, ulsch_DTX 0, ulsch_errors 0, BLER 0.00000 MCS 9
UE 84b1: ulsch_total_bytes_scheduled 576196, ulsch_total_bytes_received 576196
UE 84b1: LCID 1: TX             62 RX             49 bytes

12684.353808 [NR_MAC] I Frame.Slot 512.0
UE RNTI 84b1 (1) PH 0 dB PCMAX 0 dBm, average RSRP -44 (16 meas)
UE 84b1: dlsch_rounds 512/0/0/0, dlsch_errors 0, pucch0_DTX 0, BLER 0.00000 MCS 9
UE 84b1: dlsch_total_bytes 62853
UE 84b1: ulsch_rounds 5096/0/0/0, ulsch_DTX 0, ulsch_errors 0, BLER 0.00000 MCS 9
UE 84b1: ulsch_total_bytes_scheduled 591044, ulsch_total_bytes_received 591044
UE 84b1: LCID 1: TX             62 RX             49 bytes

12684.681529 [NR_MAC] I Frame.Slot 640.0
UE RNTI 84b1 (1) PH 0 dB PCMAX 0 dBm, average RSRP -44 (16 meas)
UE 84b1: dlsch_rounds 525/0/0/0, dlsch_errors 0, pucch0_DTX 0, BLER 0.00000 MCS 9
UE 84b1: dlsch_total_bytes 64452
UE 84b1: ulsch_rounds 5224/0/0/0, ulsch_DTX 0, ulsch_errors 0, BLER 0.00000 MCS 9
UE 84b1: ulsch_total_bytes_scheduled 605892, ulsch_total_bytes_received 605892
UE 84b1: LCID 1: TX             62 RX             49 bytes

12685.016729 [NR_MAC] I Frame.Slot 768.0
UE RNTI 84b1 (1) PH 0 dB PCMAX 0 dBm, average RSRP -44 (16 meas)
UE 84b1: dlsch_rounds 538/0/0/0, dlsch_errors 0, pucch0_DTX 0, BLER 0.00000 MCS 9
UE 84b1: dlsch_total_bytes 66051
UE 84b1: ulsch_rounds 5352/0/0/0, ulsch_DTX 0, ulsch_errors 0, BLER 0.00000 MCS 9
UE 84b1: ulsch_total_bytes_scheduled 620740, ulsch_total_bytes_received 620740
UE 84b1: LCID 1: TX             62 RX             49 bytes

12685.333596 [NR_MAC] I Frame.Slot 896.0
UE RNTI 84b1 (1) PH 0 dB PCMAX 0 dBm, average RSRP -44 (16 meas)
UE 84b1: dlsch_rounds 550/0/0/0, dlsch_errors 0, pucch0_DTX 0, BLER 0.00000 MCS 9
UE 84b1: dlsch_total_bytes 67527
UE 84b1: ulsch_rounds 5480/0/0/0, ulsch_DTX 0, ulsch_errors 0, BLER 0.00000 MCS 9
UE 84b1: ulsch_total_bytes_scheduled 635588, ulsch_total_bytes_received 635588
UE 84b1: LCID 1: TX             62 RX             49 bytes

12685.655196 [NR_MAC] I Frame.Slot 0.0
UE RNTI 84b1 (1) PH 0 dB PCMAX 0 dBm, average RSRP -44 (16 meas)
UE 84b1: dlsch_rounds 563/0/0/0, dlsch_errors 0, pucch0_DTX 0, BLER 0.00000 MCS 9
UE 84b1: dlsch_total_bytes 69126
UE 84b1: ulsch_rounds 5608/0/0/0, ulsch_DTX 0, ulsch_errors 0, BLER 0.00000 MCS 9
UE 84b1: ulsch_total_bytes_scheduled 650436, ulsch_total_bytes_received 650436
UE 84b1: LCID 1: TX             62 RX             49 bytes

12685.987238 [NR_MAC] I Frame.Slot 128.0
UE RNTI 84b1 (1) PH 0 dB PCMAX 0 dBm, average RSRP -44 (16 meas)
UE 84b1: dlsch_rounds 576/0/0/0, dlsch_errors 0, pucch0_DTX 0, BLER 0.00000 MCS 9
UE 84b1: dlsch_total_bytes 70725
UE 84b1: ulsch_rounds 5736/0/0/0, ulsch_DTX 0, ulsch_errors 0, BLER 0.00000 MCS 9
UE 84b1: ulsch_total_bytes_scheduled 665284, ulsch_total_bytes_received 665284
UE 84b1: LCID 1: TX             62 RX             49 bytes

12686.308285 [NR_MAC] I Frame.Slot 256.0
UE RNTI 84b1 (1) PH 0 dB PCMAX 0 dBm, average RSRP -44 (16 meas)
UE 84b1: dlsch_rounds 589/0/0/0, dlsch_errors 0, pucch0_DTX 0, BLER 0.00000 MCS 9
UE 84b1: dlsch_total_bytes 72324
UE 84b1: ulsch_rounds 5864/0/0/0, ulsch_DTX 0, ulsch_errors 0, BLER 0.00000 MCS 9
UE 84b1: ulsch_total_bytes_scheduled 680132, ulsch_total_bytes_received 680132
UE 84b1: LCID 1: TX             62 RX             49 bytes

12686.654327 [NR_MAC] I Frame.Slot 384.0
UE RNTI 84b1 (1) PH 0 dB PCMAX 0 dBm, average RSRP -44 (16 meas)
UE 84b1: dlsch_rounds 602/0/0/0, dlsch_errors 0, pucch0_DTX 0, BLER 0.00000 MCS 9
UE 84b1: dlsch_total_bytes 73923
UE 84b1: ulsch_rounds 5992/0/0/0, ulsch_DTX 0, ulsch_errors 0, BLER 0.00000 MCS 9
UE 84b1: ulsch_total_bytes_scheduled 694980, ulsch_total_bytes_received 694980
UE 84b1: LCID 1: TX             62 RX             49 bytes

12686.993469 [NR_MAC] I Frame.Slot 512.0
UE RNTI 84b1 (1) PH 0 dB PCMAX 0 dBm, average RSRP -44 (16 meas)
UE 84b1: dlsch_rounds 614/0/0/0, dlsch_errors 0, pucch0_DTX 0, BLER 0.00000 MCS 9
UE 84b1: dlsch_total_bytes 75399
UE 84b1: ulsch_rounds 6120/0/0/0, ulsch_DTX 0, ulsch_errors 0, BLER 0.00000 MCS 9
UE 84b1: ulsch_total_bytes_scheduled 709828, ulsch_total_bytes_received 709828
UE 84b1: LCID 1: TX             62 RX             49 bytes

12687.345957 [NR_MAC] I Frame.Slot 640.0
UE RNTI 84b1 (1) PH 0 dB PCMAX 0 dBm, average RSRP -44 (16 meas)
UE 84b1: dlsch_rounds 627/0/0/0, dlsch_errors 0, pucch0_DTX 0, BLER 0.00000 MCS 9
UE 84b1: dlsch_total_bytes 76998
UE 84b1: ulsch_rounds 6248/0/0/0, ulsch_DTX 0, ulsch_errors 0, BLER 0.00000 MCS 9
UE 84b1: ulsch_total_bytes_scheduled 724676, ulsch_total_bytes_received 724676
UE 84b1: LCID 1: TX             62 RX             49 bytes

12687.690409 [NR_MAC] I Frame.Slot 768.0
UE RNTI 84b1 (1) PH 0 dB PCMAX 0 dBm, average RSRP -44 (16 meas)
UE 84b1: dlsch_rounds 640/0/0/0, dlsch_errors 0, pucch0_DTX 0, BLER 0.00000 MCS 9
UE 84b1: dlsch_total_bytes 78597
UE 84b1: ulsch_rounds 6376/0/0/0, ulsch_DTX 0, ulsch_errors 0, BLER 0.00000 MCS 9
UE 84b1: ulsch_total_bytes_scheduled 739524, ulsch_total_bytes_received 739524
UE 84b1: LCID 1: TX             62 RX             49 bytes

12688.022302 [NR_MAC] I Frame.Slot 896.0
UE RNTI 84b1 (1) PH 0 dB PCMAX 0 dBm, average RSRP -44 (16 meas)
UE 84b1: dlsch_rounds 653/0/0/0, dlsch_errors 0, pucch0_DTX 0, BLER 0.00000 MCS 9
UE 84b1: dlsch_total_bytes 80196
UE 84b1: ulsch_rounds 6504/0/0/0, ulsch_DTX 0, ulsch_errors 0, BLER 0.00000 MCS 9
UE 84b1: ulsch_total_bytes_scheduled 754372, ulsch_total_bytes_received 754372
UE 84b1: LCID 1: TX             62 RX             49 bytes

12688.368314 [NR_MAC] I Frame.Slot 0.0
UE RNTI 84b1 (1) PH 0 dB PCMAX 0 dBm, average RSRP -44 (16 meas)
UE 84b1: dlsch_rounds 666/0/0/0, dlsch_errors 0, pucch0_DTX 0, BLER 0.00000 MCS 9
UE 84b1: dlsch_total_bytes 81795
UE 84b1: ulsch_rounds 6632/0/0/0, ulsch_DTX 0, ulsch_errors 0, BLER 0.00000 MCS 9
UE 84b1: ulsch_total_bytes_scheduled 769220, ulsch_total_bytes_received 769220
UE 84b1: LCID 1: TX             62 RX             49 bytes

12688.721754 [NR_MAC] I Frame.Slot 128.0
UE RNTI 84b1 (1) PH 0 dB PCMAX 0 dBm, average RSRP -44 (16 meas)
UE 84b1: dlsch_rounds 678/0/0/0, dlsch_errors 0, pucch0_DTX 0, BLER 0.00000 MCS 9
UE 84b1: dlsch_total_bytes 83271
UE 84b1: ulsch_rounds 6760/0/0/0, ulsch_DTX 0, ulsch_errors 0, BLER 0.00000 MCS 9
UE 84b1: ulsch_total_bytes_scheduled 784068, ulsch_total_bytes_received 784068
UE 84b1: LCID 1: TX             62 RX             49 bytes

12689.101733 [NR_MAC] I Frame.Slot 256.0
UE RNTI 84b1 (1) PH 0 dB PCMAX 0 dBm, average RSRP -44 (16 meas)
UE 84b1: dlsch_rounds 691/0/0/0, dlsch_errors 0, pucch0_DTX 0, BLER 0.00000 MCS 9
UE 84b1: dlsch_total_bytes 84870
UE 84b1: ulsch_rounds 6888/0/0/0, ulsch_DTX 0, ulsch_errors 0, BLER 0.00000 MCS 9
UE 84b1: ulsch_total_bytes_scheduled 798916, ulsch_total_bytes_received 798916
UE 84b1: LCID 1: TX             62 RX             49 bytes

12689.435625 [NR_MAC] I Frame.Slot 384.0
UE RNTI 84b1 (1) PH 0 dB PCMAX 0 dBm, average RSRP -44 (16 meas)
UE 84b1: dlsch_rounds 704/0/0/0, dlsch_errors 0, pucch0_DTX 0, BLER 0.00000 MCS 9
UE 84b1: dlsch_total_bytes 86469
UE 84b1: ulsch_rounds 7016/0/0/0, ulsch_DTX 0, ulsch_errors 0, BLER 0.00000 MCS 9
UE 84b1: ulsch_total_bytes_scheduled 813764, ulsch_total_bytes_received 813764
UE 84b1: LCID 1: TX             62 RX             49 bytes

12689.759663 [NR_MAC] I Frame.Slot 512.0
UE RNTI 84b1 (1) PH 0 dB PCMAX 0 dBm, average RSRP -44 (16 meas)
UE 84b1: dlsch_rounds 717/0/0/0, dlsch_errors 0, pucch0_DTX 0, BLER 0.00000 MCS 9
UE 84b1: dlsch_total_bytes 88068
UE 84b1: ulsch_rounds 7144/0/0/0, ulsch_DTX 0, ulsch_errors 0, BLER 0.00000 MCS 9
UE 84b1: ulsch_total_bytes_scheduled 828612, ulsch_total_bytes_received 828612
UE 84b1: LCID 1: TX             62 RX             49 bytes

12690.119387 [NR_MAC] I Frame.Slot 640.0
UE RNTI 84b1 (1) PH 0 dB PCMAX 0 dBm, average RSRP -44 (16 meas)
UE 84b1: dlsch_rounds 730/0/0/0, dlsch_errors 0, pucch0_DTX 0, BLER 0.00000 MCS 9
UE 84b1: dlsch_total_bytes 89667
UE 84b1: ulsch_rounds 7272/0/0/0, ulsch_DTX 0, ulsch_errors 0, BLER 0.00000 MCS 9
UE 84b1: ulsch_total_bytes_scheduled 843460, ulsch_total_bytes_received 843460
UE 84b1: LCID 1: TX             62 RX             49 bytes

12690.462622 [NR_MAC] I Frame.Slot 768.0
UE RNTI 84b1 (1) PH 0 dB PCMAX 0 dBm, average RSRP -44 (16 meas)
UE 84b1: dlsch_rounds 742/0/0/0, dlsch_errors 0, pucch0_DTX 0, BLER 0.00000 MCS 9
UE 84b1: dlsch_total_bytes 91143
UE 84b1: ulsch_rounds 7400/0/0/0, ulsch_DTX 0, ulsch_errors 0, BLER 0.00000 MCS 9
UE 84b1: ulsch_total_bytes_scheduled 858308, ulsch_total_bytes_received 858308
UE 84b1: LCID 1: TX             62 RX             49 bytes

12690.801184 [NR_MAC] I Frame.Slot 896.0
UE RNTI 84b1 (1) PH 0 dB PCMAX 0 dBm, average RSRP -44 (16 meas)
UE 84b1: dlsch_rounds 755/0/0/0, dlsch_errors 0, pucch0_DTX 0, BLER 0.00000 MCS 9
UE 84b1: dlsch_total_bytes 92742
UE 84b1: ulsch_rounds 7528/0/0/0, ulsch_DTX 0, ulsch_errors 0, BLER 0.00000 MCS 9
UE 84b1: ulsch_total_bytes_scheduled 873156, ulsch_total_bytes_received 873156
UE 84b1: LCID 1: TX             62 RX             49 bytes

12691.135268 [NR_MAC] I Frame.Slot 0.0
UE RNTI 84b1 (1) PH 0 dB PCMAX 0 dBm, average RSRP -44 (16 meas)
UE 84b1: dlsch_rounds 768/0/0/0, dlsch_errors 0, pucch0_DTX 0, BLER 0.00000 MCS 9
UE 84b1: dlsch_total_bytes 94341
UE 84b1: ulsch_rounds 7656/0/0/0, ulsch_DTX 0, ulsch_errors 0, BLER 0.00000 MCS 9
UE 84b1: ulsch_total_bytes_scheduled 888004, ulsch_total_bytes_received 888004
UE 84b1: LCID 1: TX             62 RX             49 bytes

12691.471175 [NR_MAC] I Frame.Slot 128.0
UE RNTI 84b1 (1) PH 0 dB PCMAX 0 dBm, average RSRP -44 (16 meas)
UE 84b1: dlsch_rounds 781/0/0/0, dlsch_errors 0, pucch0_DTX 0, BLER 0.00000 MCS 9
UE 84b1: dlsch_total_bytes 95940
UE 84b1: ulsch_rounds 7784/0/0/0, ulsch_DTX 0, ulsch_errors 0, BLER 0.00000 MCS 9
UE 84b1: ulsch_total_bytes_scheduled 902852, ulsch_total_bytes_received 902852
UE 84b1: LCID 1: TX             62 RX             49 bytes

12691.824316 [NR_MAC] I Frame.Slot 256.0
UE RNTI 84b1 (1) PH 0 dB PCMAX 0 dBm, average RSRP -44 (16 meas)
UE 84b1: dlsch_rounds 794/0/0/0, dlsch_errors 0, pucch0_DTX 0, BLER 0.00000 MCS 9
UE 84b1: dlsch_total_bytes 97539
UE 84b1: ulsch_rounds 7912/0/0/0, ulsch_DTX 0, ulsch_errors 0, BLER 0.00000 MCS 9
UE 84b1: ulsch_total_bytes_scheduled 917700, ulsch_total_bytes_received 917700
UE 84b1: LCID 1: TX             62 RX             49 bytes

12692.160985 [NR_MAC] I Frame.Slot 384.0
UE RNTI 84b1 (1) PH 0 dB PCMAX 0 dBm, average RSRP -44 (16 meas)
UE 84b1: dlsch_rounds 806/0/0/0, dlsch_errors 0, pucch0_DTX 0, BLER 0.00000 MCS 9
UE 84b1: dlsch_total_bytes 99015
UE 84b1: ulsch_rounds 8040/0/0/0, ulsch_DTX 0, ulsch_errors 0, BLER 0.00000 MCS 9
UE 84b1: ulsch_total_bytes_scheduled 932548, ulsch_total_bytes_received 932548
UE 84b1: LCID 1: TX             62 RX             49 bytes

12692.508644 [NR_MAC] I Frame.Slot 512.0
UE RNTI 84b1 (1) PH 0 dB PCMAX 0 dBm, average RSRP -44 (16 meas)
UE 84b1: dlsch_rounds 819/0/0/0, dlsch_errors 0, pucch0_DTX 0, BLER 0.00000 MCS 9
UE 84b1: dlsch_total_bytes 100614
UE 84b1: ulsch_rounds 8168/0/0/0, ulsch_DTX 0, ulsch_errors 0, BLER 0.00000 MCS 9
UE 84b1: ulsch_total_bytes_scheduled 947396, ulsch_total_bytes_received 947396
UE 84b1: LCID 1: TX             62 RX             49 bytes

12692.845392 [NR_MAC] I Frame.Slot 640.0
UE RNTI 84b1 (1) PH 0 dB PCMAX 0 dBm, average RSRP -44 (16 meas)
UE 84b1: dlsch_rounds 832/0/0/0, dlsch_errors 0, pucch0_DTX 0, BLER 0.00000 MCS 9
UE 84b1: dlsch_total_bytes 102213
UE 84b1: ulsch_rounds 8296/0/0/0, ulsch_DTX 0, ulsch_errors 0, BLER 0.00000 MCS 9
UE 84b1: ulsch_total_bytes_scheduled 962244, ulsch_total_bytes_received 962244
UE 84b1: LCID 1: TX             62 RX             49 bytes

12693.171999 [NR_MAC] I Frame.Slot 768.0
UE RNTI 84b1 (1) PH 0 dB PCMAX 0 dBm, average RSRP -44 (16 meas)
UE 84b1: dlsch_rounds 845/0/0/0, dlsch_errors 0, pucch0_DTX 0, BLER 0.00000 MCS 9
UE 84b1: dlsch_total_bytes 103812
UE 84b1: ulsch_rounds 8424/0/0/0, ulsch_DTX 0, ulsch_errors 0, BLER 0.00000 MCS 9
UE 84b1: ulsch_total_bytes_scheduled 977092, ulsch_total_bytes_received 977092
UE 84b1: LCID 1: TX             62 RX             49 bytes

12693.492758 [NR_MAC] I Frame.Slot 896.0
UE RNTI 84b1 (1) PH 0 dB PCMAX 0 dBm, average RSRP -44 (16 meas)
UE 84b1: dlsch_rounds 858/0/0/0, dlsch_errors 0, pucch0_DTX 0, BLER 0.00000 MCS 9
UE 84b1: dlsch_total_bytes 105411
UE 84b1: ulsch_rounds 8552/0/0/0, ulsch_DTX 0, ulsch_errors 0, BLER 0.00000 MCS 9
UE 84b1: ulsch_total_bytes_scheduled 991940, ulsch_total_bytes_received 991940
UE 84b1: LCID 1: TX             62 RX             49 bytes

12693.813636 [NR_MAC] I Frame.Slot 0.0
UE RNTI 84b1 (1) PH 0 dB PCMAX 0 dBm, average RSRP -44 (16 meas)
UE 84b1: dlsch_rounds 870/0/0/0, dlsch_errors 0, pucch0_DTX 0, BLER 0.00000 MCS 9
UE 84b1: dlsch_total_bytes 106887
UE 84b1: ulsch_rounds 8680/0/0/0, ulsch_DTX 0, ulsch_errors 0, BLER 0.00000 MCS 9
UE 84b1: ulsch_total_bytes_scheduled 1006788, ulsch_total_bytes_received 1006788
UE 84b1: LCID 1: TX             62 RX             49 bytes

12694.138739 [NR_MAC] I Frame.Slot 128.0
UE RNTI 84b1 (1) PH 0 dB PCMAX 0 dBm, average RSRP -44 (16 meas)
UE 84b1: dlsch_rounds 883/0/0/0, dlsch_errors 0, pucch0_DTX 0, BLER 0.00000 MCS 9
UE 84b1: dlsch_total_bytes 108486
UE 84b1: ulsch_rounds 8808/0/0/0, ulsch_DTX 0, ulsch_errors 0, BLER 0.00000 MCS 9
UE 84b1: ulsch_total_bytes_scheduled 1021636, ulsch_total_bytes_received 1021636
UE 84b1: LCID 1: TX             62 RX             49 bytes

12694.462505 [NR_MAC] I Frame.Slot 256.0
UE RNTI 84b1 (1) PH 0 dB PCMAX 0 dBm, average RSRP -44 (16 meas)
UE 84b1: dlsch_rounds 896/0/0/0, dlsch_errors 0, pucch0_DTX 0, BLER 0.00000 MCS 9
UE 84b1: dlsch_total_bytes 110085
UE 84b1: ulsch_rounds 8936/0/0/0, ulsch_DTX 0, ulsch_errors 0, BLER 0.00000 MCS 9
UE 84b1: ulsch_total_bytes_scheduled 1036484, ulsch_total_bytes_received 1036484
UE 84b1: LCID 1: TX             62 RX             49 bytes

12694.792055 [NR_MAC] I Frame.Slot 384.0
UE RNTI 84b1 (1) PH 0 dB PCMAX 0 dBm, average RSRP -44 (16 meas)
UE 84b1: dlsch_rounds 909/0/0/0, dlsch_errors 0, pucch0_DTX 0, BLER 0.00000 MCS 9
UE 84b1: dlsch_total_bytes 111684
UE 84b1: ulsch_rounds 9064/0/0/0, ulsch_DTX 0, ulsch_errors 0, BLER 0.00000 MCS 9
UE 84b1: ulsch_total_bytes_scheduled 1051332, ulsch_total_bytes_received 1051332
UE 84b1: LCID 1: TX             62 RX             49 bytes

12695.114650 [NR_MAC] I Frame.Slot 512.0
UE RNTI 84b1 (1) PH 0 dB PCMAX 0 dBm, average RSRP -44 (16 meas)
UE 84b1: dlsch_rounds 922/0/0/0, dlsch_errors 0, pucch0_DTX 0, BLER 0.00000 MCS 9
UE 84b1: dlsch_total_bytes 113283
UE 84b1: ulsch_rounds 9192/0/0/0, ulsch_DTX 0, ulsch_errors 0, BLER 0.00000 MCS 9
UE 84b1: ulsch_total_bytes_scheduled 1066180, ulsch_total_bytes_received 1066180
UE 84b1: LCID 1: TX             62 RX             49 bytes

12695.431856 [NR_MAC] I Frame.Slot 640.0
UE RNTI 84b1 (1) PH 0 dB PCMAX 0 dBm, average RSRP -44 (16 meas)
UE 84b1: dlsch_rounds 934/0/0/0, dlsch_errors 0, pucch0_DTX 0, BLER 0.00000 MCS 9
UE 84b1: dlsch_total_bytes 114759
UE 84b1: ulsch_rounds 9320/0/0/0, ulsch_DTX 0, ulsch_errors 0, BLER 0.00000 MCS 9
UE 84b1: ulsch_total_bytes_scheduled 1081028, ulsch_total_bytes_received 1081028
UE 84b1: LCID 1: TX             62 RX             49 bytes

12695.765060 [NR_MAC] I Frame.Slot 768.0
UE RNTI 84b1 (1) PH 0 dB PCMAX 0 dBm, average RSRP -44 (16 meas)
UE 84b1: dlsch_rounds 947/0/0/0, dlsch_errors 0, pucch0_DTX 0, BLER 0.00000 MCS 9
UE 84b1: dlsch_total_bytes 116358
UE 84b1: ulsch_rounds 9448/0/0/0, ulsch_DTX 0, ulsch_errors 0, BLER 0.00000 MCS 9
UE 84b1: ulsch_total_bytes_scheduled 1095876, ulsch_total_bytes_received 1095876
UE 84b1: LCID 1: TX             62 RX             49 bytes

12696.101373 [NR_MAC] I Frame.Slot 896.0
UE RNTI 84b1 (1) PH 0 dB PCMAX 0 dBm, average RSRP -44 (16 meas)
UE 84b1: dlsch_rounds 960/0/0/0, dlsch_errors 0, pucch0_DTX 0, BLER 0.00000 MCS 9
UE 84b1: dlsch_total_bytes 117957
UE 84b1: ulsch_rounds 9576/0/0/0, ulsch_DTX 0, ulsch_errors 0, BLER 0.00000 MCS 9
UE 84b1: ulsch_total_bytes_scheduled 1110724, ulsch_total_bytes_received 1110724
UE 84b1: LCID 1: TX             62 RX             49 bytes

12696.422581 [NR_MAC] I Frame.Slot 0.0
UE RNTI 84b1 (1) PH 0 dB PCMAX 0 dBm, average RSRP -44 (16 meas)
UE 84b1: dlsch_rounds 973/0/0/0, dlsch_errors 0, pucch0_DTX 0, BLER 0.00000 MCS 9
UE 84b1: dlsch_total_bytes 119556
UE 84b1: ulsch_rounds 9704/0/0/0, ulsch_DTX 0, ulsch_errors 0, BLER 0.00000 MCS 9
UE 84b1: ulsch_total_bytes_scheduled 1125572, ulsch_total_bytes_received 1125572
UE 84b1: LCID 1: TX             62 RX             49 bytes

12696.761087 [NR_MAC] I Frame.Slot 128.0
UE RNTI 84b1 (1) PH 0 dB PCMAX 0 dBm, average RSRP -44 (16 meas)
UE 84b1: dlsch_rounds 986/0/0/0, dlsch_errors 0, pucch0_DTX 0, BLER 0.00000 MCS 9
UE 84b1: dlsch_total_bytes 121155
UE 84b1: ulsch_rounds 9832/0/0/0, ulsch_DTX 0, ulsch_errors 0, BLER 0.00000 MCS 9
UE 84b1: ulsch_total_bytes_scheduled 1140420, ulsch_total_bytes_received 1140420
UE 84b1: LCID 1: TX             62 RX             49 bytes

12697.093134 [NR_MAC] I Frame.Slot 256.0
UE RNTI 84b1 (1) PH 0 dB PCMAX 0 dBm, average RSRP -44 (16 meas)
UE 84b1: dlsch_rounds 998/0/0/0, dlsch_errors 0, pucch0_DTX 0, BLER 0.00000 MCS 9
UE 84b1: dlsch_total_bytes 122631
UE 84b1: ulsch_rounds 9960/0/0/0, ulsch_DTX 0, ulsch_errors 0, BLER 0.00000 MCS 9
UE 84b1: ulsch_total_bytes_scheduled 1155268, ulsch_total_bytes_received 1155268
UE 84b1: LCID 1: TX             62 RX             49 bytes

12697.423983 [NR_MAC] I Frame.Slot 384.0
UE RNTI 84b1 (1) PH 0 dB PCMAX 0 dBm, average RSRP -44 (16 meas)
UE 84b1: dlsch_rounds 1011/0/0/0, dlsch_errors 0, pucch0_DTX 0, BLER 0.00000 MCS 9
UE 84b1: dlsch_total_bytes 124230
UE 84b1: ulsch_rounds 10088/0/0/0, ulsch_DTX 0, ulsch_errors 0, BLER 0.00000 MCS 9
UE 84b1: ulsch_total_bytes_scheduled 1170116, ulsch_total_bytes_received 1170116
UE 84b1: LCID 1: TX             62 RX             49 bytes

12697.752949 [NR_MAC] I Frame.Slot 512.0
UE RNTI 84b1 (1) PH 0 dB PCMAX 0 dBm, average RSRP -44 (16 meas)
UE 84b1: dlsch_rounds 1024/0/0/0, dlsch_errors 0, pucch0_DTX 0, BLER 0.00000 MCS 9
UE 84b1: dlsch_total_bytes 125829
UE 84b1: ulsch_rounds 10216/0/0/0, ulsch_DTX 0, ulsch_errors 0, BLER 0.00000 MCS 9
UE 84b1: ulsch_total_bytes_scheduled 1184964, ulsch_total_bytes_received 1184964
UE 84b1: LCID 1: TX             62 RX             49 bytes

12698.088287 [NR_MAC] I Frame.Slot 640.0
UE RNTI 84b1 (1) PH 0 dB PCMAX 0 dBm, average RSRP -44 (16 meas)
UE 84b1: dlsch_rounds 1037/0/0/0, dlsch_errors 0, pucch0_DTX 0, BLER 0.00000 MCS 9
UE 84b1: dlsch_total_bytes 127428
UE 84b1: ulsch_rounds 10344/0/0/0, ulsch_DTX 0, ulsch_errors 0, BLER 0.00000 MCS 9
UE 84b1: ulsch_total_bytes_scheduled 1199812, ulsch_total_bytes_received 1199812
UE 84b1: LCID 1: TX             62 RX             49 bytes

12698.433763 [NR_MAC] I Frame.Slot 768.0
UE RNTI 84b1 (1) PH 0 dB PCMAX 0 dBm, average RSRP -44 (16 meas)
UE 84b1: dlsch_rounds 1050/0/0/0, dlsch_errors 0, pucch0_DTX 0, BLER 0.00000 MCS 9
UE 84b1: dlsch_total_bytes 129027
UE 84b1: ulsch_rounds 10472/0/0/0, ulsch_DTX 0, ulsch_errors 0, BLER 0.00000 MCS 9
UE 84b1: ulsch_total_bytes_scheduled 1214660, ulsch_total_bytes_received 1214660
UE 84b1: LCID 1: TX             62 RX             49 bytes

12698.816469 [NR_MAC] I Frame.Slot 896.0
UE RNTI 84b1 (1) PH 0 dB PCMAX 0 dBm, average RSRP -44 (16 meas)
UE 84b1: dlsch_rounds 1062/0/0/0, dlsch_errors 0, pucch0_DTX 0, BLER 0.00000 MCS 9
UE 84b1: dlsch_total_bytes 130503
UE 84b1: ulsch_rounds 10600/0/0/0, ulsch_DTX 0, ulsch_errors 0, BLER 0.00000 MCS 9
UE 84b1: ulsch_total_bytes_scheduled 1229508, ulsch_total_bytes_received 1229508
UE 84b1: LCID 1: TX             62 RX             49 bytes

12699.148200 [NR_MAC] I Frame.Slot 0.0
UE RNTI 84b1 (1) PH 0 dB PCMAX 0 dBm, average RSRP -44 (16 meas)
UE 84b1: dlsch_rounds 1075/0/0/0, dlsch_errors 0, pucch0_DTX 0, BLER 0.00000 MCS 9
UE 84b1: dlsch_total_bytes 132102
UE 84b1: ulsch_rounds 10728/0/0/0, ulsch_DTX 0, ulsch_errors 0, BLER 0.00000 MCS 9
UE 84b1: ulsch_total_bytes_scheduled 1244356, ulsch_total_bytes_received 1244356
UE 84b1: LCID 1: TX             62 RX             49 bytes

12699.486319 [NR_MAC] I Frame.Slot 128.0
UE RNTI 84b1 (1) PH 0 dB PCMAX 0 dBm, average RSRP -44 (16 meas)
UE 84b1: dlsch_rounds 1088/0/0/0, dlsch_errors 0, pucch0_DTX 0, BLER 0.00000 MCS 9
UE 84b1: dlsch_total_bytes 133701
UE 84b1: ulsch_rounds 10856/0/0/0, ulsch_DTX 0, ulsch_errors 0, BLER 0.00000 MCS 9
UE 84b1: ulsch_total_bytes_scheduled 1259204, ulsch_total_bytes_received 1259204
UE 84b1: LCID 1: TX             62 RX             49 bytes

12699.826230 [NR_MAC] I Frame.Slot 256.0
UE RNTI 84b1 (1) PH 0 dB PCMAX 0 dBm, average RSRP -44 (16 meas)
UE 84b1: dlsch_rounds 1101/0/0/0, dlsch_errors 0, pucch0_DTX 0, BLER 0.00000 MCS 9
UE 84b1: dlsch_total_bytes 135300
UE 84b1: ulsch_rounds 10984/0/0/0, ulsch_DTX 0, ulsch_errors 0, BLER 0.00000 MCS 9
UE 84b1: ulsch_total_bytes_scheduled 1274052, ulsch_total_bytes_received 1274052
UE 84b1: LCID 1: TX             62 RX             49 bytes

12700.177959 [NR_MAC] I Frame.Slot 384.0
UE RNTI 84b1 (1) PH 0 dB PCMAX 0 dBm, average RSRP -44 (16 meas)
UE 84b1: dlsch_rounds 1114/0/0/0, dlsch_errors 0, pucch0_DTX 0, BLER 0.00000 MCS 9
UE 84b1: dlsch_total_bytes 136899
UE 84b1: ulsch_rounds 11112/0/0/0, ulsch_DTX 0, ulsch_errors 0, BLER 0.00000 MCS 9
UE 84b1: ulsch_total_bytes_scheduled 1288900, ulsch_total_bytes_received 1288900
UE 84b1: LCID 1: TX             62 RX             49 bytes

12700.542393 [NR_MAC] I Frame.Slot 512.0
UE RNTI 84b1 (1) PH 0 dB PCMAX 0 dBm, average RSRP -44 (16 meas)
UE 84b1: dlsch_rounds 1126/0/0/0, dlsch_errors 0, pucch0_DTX 0, BLER 0.00000 MCS 9
UE 84b1: dlsch_total_bytes 138375
UE 84b1: ulsch_rounds 11240/0/0/0, ulsch_DTX 0, ulsch_errors 0, BLER 0.00000 MCS 9
UE 84b1: ulsch_total_bytes_scheduled 1303748, ulsch_total_bytes_received 1303748
UE 84b1: LCID 1: TX             62 RX             49 bytes

12700.911886 [NR_MAC] I Frame.Slot 640.0
UE RNTI 84b1 (1) PH 0 dB PCMAX 0 dBm, average RSRP -44 (16 meas)
UE 84b1: dlsch_rounds 1139/0/0/0, dlsch_errors 0, pucch0_DTX 0, BLER 0.00000 MCS 9
UE 84b1: dlsch_total_bytes 139974
UE 84b1: ulsch_rounds 11368/0/0/0, ulsch_DTX 0, ulsch_errors 0, BLER 0.00000 MCS 9
UE 84b1: ulsch_total_bytes_scheduled 1318596, ulsch_total_bytes_received 1318596
UE 84b1: LCID 1: TX             62 RX             49 bytes

12701.307360 [NR_MAC] I Frame.Slot 768.0
UE RNTI 84b1 (1) PH 0 dB PCMAX 0 dBm, average RSRP -44 (16 meas)
UE 84b1: dlsch_rounds 1152/0/0/0, dlsch_errors 0, pucch0_DTX 0, BLER 0.00000 MCS 9
UE 84b1: dlsch_total_bytes 141573
UE 84b1: ulsch_rounds 11496/0/0/0, ulsch_DTX 0, ulsch_errors 0, BLER 0.00000 MCS 9
UE 84b1: ulsch_total_bytes_scheduled 1333444, ulsch_total_bytes_received 1333444
UE 84b1: LCID 1: TX             62 RX             49 bytes

12701.670563 [NR_MAC] I Frame.Slot 896.0
UE RNTI 84b1 (1) PH 0 dB PCMAX 0 dBm, average RSRP -44 (16 meas)
UE 84b1: dlsch_rounds 1165/0/0/0, dlsch_errors 0, pucch0_DTX 0, BLER 0.00000 MCS 9
UE 84b1: dlsch_total_bytes 143172
UE 84b1: ulsch_rounds 11624/0/0/0, ulsch_DTX 0, ulsch_errors 0, BLER 0.00000 MCS 9
UE 84b1: ulsch_total_bytes_scheduled 1348292, ulsch_total_bytes_received 1348292
UE 84b1: LCID 1: TX             62 RX             49 bytes

12702.066097 [NR_MAC] I Frame.Slot 0.0
UE RNTI 84b1 (1) PH 0 dB PCMAX 0 dBm, average RSRP -44 (16 meas)
UE 84b1: dlsch_rounds 1178/0/0/0, dlsch_errors 0, pucch0_DTX 0, BLER 0.00000 MCS 9
UE 84b1: dlsch_total_bytes 144771
UE 84b1: ulsch_rounds 11752/0/0/0, ulsch_DTX 0, ulsch_errors 0, BLER 0.00000 MCS 9
UE 84b1: ulsch_total_bytes_scheduled 1363140, ulsch_total_bytes_received 1363140
UE 84b1: LCID 1: TX             62 RX             49 bytes

12702.432889 [NR_MAC] I Frame.Slot 128.0
UE RNTI 84b1 (1) PH 0 dB PCMAX 0 dBm, average RSRP -44 (16 meas)
UE 84b1: dlsch_rounds 1190/0/0/0, dlsch_errors 0, pucch0_DTX 0, BLER 0.00000 MCS 9
UE 84b1: dlsch_total_bytes 146247
UE 84b1: ulsch_rounds 11880/0/0/0, ulsch_DTX 0, ulsch_errors 0, BLER 0.00000 MCS 9
UE 84b1: ulsch_total_bytes_scheduled 1377988, ulsch_total_bytes_received 1377988
UE 84b1: LCID 1: TX             62 RX             49 bytes

12702.798442 [NR_MAC] I Frame.Slot 256.0
UE RNTI 84b1 (1) PH 0 dB PCMAX 0 dBm, average RSRP -44 (16 meas)
UE 84b1: dlsch_rounds 1203/0/0/0, dlsch_errors 0, pucch0_DTX 0, BLER 0.00000 MCS 9
UE 84b1: dlsch_total_bytes 147846
UE 84b1: ulsch_rounds 12008/0/0/0, ulsch_DTX 0, ulsch_errors 0, BLER 0.00000 MCS 9
UE 84b1: ulsch_total_bytes_scheduled 1392836, ulsch_total_bytes_received 1392836
UE 84b1: LCID 1: TX             62 RX             49 bytes

12703.158656 [NR_MAC] I Frame.Slot 384.0
UE RNTI 84b1 (1) PH 0 dB PCMAX 0 dBm, average RSRP -44 (16 meas)
UE 84b1: dlsch_rounds 1216/0/0/0, dlsch_errors 0, pucch0_DTX 0, BLER 0.00000 MCS 9
UE 84b1: dlsch_total_bytes 149445
UE 84b1: ulsch_rounds 12136/0/0/0, ulsch_DTX 0, ulsch_errors 0, BLER 0.00000 MCS 9
UE 84b1: ulsch_total_bytes_scheduled 1407684, ulsch_total_bytes_received 1407684
UE 84b1: LCID 1: TX             62 RX             49 bytes

12703.508319 [NR_MAC] I Frame.Slot 512.0
UE RNTI 84b1 (1) PH 0 dB PCMAX 0 dBm, average RSRP -44 (16 meas)
UE 84b1: dlsch_rounds 1229/0/0/0, dlsch_errors 0, pucch0_DTX 0, BLER 0.00000 MCS 9
UE 84b1: dlsch_total_bytes 151044
UE 84b1: ulsch_rounds 12264/0/0/0, ulsch_DTX 0, ulsch_errors 0, BLER 0.00000 MCS 9
UE 84b1: ulsch_total_bytes_scheduled 1422532, ulsch_total_bytes_received 1422532
UE 84b1: LCID 1: TX             62 RX             49 bytes

12703.869180 [NR_MAC] I Frame.Slot 640.0
UE RNTI 84b1 (1) PH 0 dB PCMAX 0 dBm, average RSRP -44 (16 meas)
UE 84b1: dlsch_rounds 1242/0/0/0, dlsch_errors 0, pucch0_DTX 0, BLER 0.00000 MCS 9
UE 84b1: dlsch_total_bytes 152643
UE 84b1: ulsch_rounds 12392/0/0/0, ulsch_DTX 0, ulsch_errors 0, BLER 0.00000 MCS 9
UE 84b1: ulsch_total_bytes_scheduled 1437380, ulsch_total_bytes_received 1437380
UE 84b1: LCID 1: TX             62 RX             49 bytes

