==================================
== Configuration file:
Active_gNBs = ( "gnb-rfsim");
# Asn1_verbosity, choice in: none, info, annoying
Asn1_verbosity = "none";

gNBs =
(
 {
    ////////// Identification parameters:
    gNB_ID = 0xe00;

#     cell_type =  "CELL_MACRO_GNB";

    gNB_name  =  "gnb-rfsim";

    // Tracking area code, 0x0000 and 0xfffe are reserved values
    tracking_area_code  =  40960;

    plmn_list = ({ mcc = 208; mnc = 95; mnc_length = 2; snssaiList = ({ sst = 1, sd = 0xffffff }, { sst = 128, sd = 0x000080 }, { sst = 130, sd = 0x000082 }) });

    nr_cellid = 12345678L
    
# Begin RIC-specific settings
    RIC : {
        remote_ipv4_addr = "192.168.84.37"; # TODO Replace it with the actual RIC e2t Address
        remote_port = 36421;
        enabled = "yes";
    };


#     tr_s_preference     = "local_mac"

    ////////// Physical parameters:

    #pusch_TargetSNRx10                                        = 200;
    #pucch_TargetSNRx10                                        = 200;
    ul_prbblacklist                                           = "51,52,53,54"
    min_rxtxtime = 6;
    do_SRS                                                    = 1;

    pdcch_ConfigSIB1 = (
      {
        controlResourceSetZero = 11;
        searchSpaceZero = 0;
      }
    );

    servingCellConfigCommon = (
    {
 #spCellConfigCommon

      physCellId                                                    = 0;

#  downlinkConfigCommon
    #frequencyInfoDL
      # this is 3301.68 MHz + 22*12*30e-3 MHz = 3309.6
      #absoluteFrequencySSB                                          = 620640;
      # this is 3300.60 MHz + 53*12*30e-3 MHz = 3319.68
      absoluteFrequencySSB                                          = 621312;
      # this is 3503.28 MHz + 22*12*30e-3 MHz = 3511.2
      #absoluteFrequencySSB                                          = 634080;
      # this is 3600.48 MHz
      #absoluteFrequencySSB                                          = 640032;
      #dl_frequencyBand                                                 = 78;
      # this is 3301.68 MHz
      #dl_absoluteFrequencyPointA                                       = 620112;
      # this is 3300.60 MHz
      dl_absoluteFrequencyPointA                                       = 620040;
      # this is 3502.56 MHz
      #dl_absoluteFrequencyPointA                                       = 633552;
      # this is 3600.48 MHz
      #dl_absoluteFrequencyPointA                                       = 640032;
      #scs-SpecificCarrierList
        dl_offstToCarrier                                              = 0;
# subcarrierSpacing
# 0=kHz15, 1=kHz30, 2=kHz60, 3=kHz120
        dl_subcarrierSpacing                                           = 1;
        dl_carrierBandwidth                                            = 106;
     #initialDownlinkBWP
      #genericParameters
        # this is RBstart=0,L=106 (275*(L-1))+RBstart
        initialDLBWPlocationAndBandwidth                                        = 28875;
# subcarrierSpacing
# 0=kHz15, 1=kHz30, 2=kHz60, 3=kHz120
        initialDLBWPsubcarrierSpacing                                           = 1;
      #pdcch-ConfigCommon
        initialDLBWPcontrolResourceSetZero                                      = 11;
        initialDLBWPsearchSpaceZero                                             = 0;



  #uplinkConfigCommon
     #frequencyInfoUL
      ul_frequencyBand                                                 = 78;
      #scs-SpecificCarrierList
      ul_offstToCarrier                                              = 0;
# subcarrierSpacing
# 0=kHz15, 1=kHz30, 2=kHz60, 3=kHz120
      ul_subcarrierSpacing                                           = 1;
      ul_carrierBandwidth                                            = 106;
      pMax                                                          = 20;
     #initialUplinkBWP
      #genericParameters
        initialULBWPlocationAndBandwidth                                        = 28875;
# subcarrierSpacing
# 0=kHz15, 1=kHz30, 2=kHz60, 3=kHz120
        initialULBWPsubcarrierSpacing                                           = 1;
      #rach-ConfigCommon
        #rach-ConfigGeneric
          prach_ConfigurationIndex                                  = 98;
#prach_msg1_FDM
#0 = one, 1=two, 2=four, 3=eight
          prach_msg1_FDM                                            = 0;
          prach_msg1_FrequencyStart                                 = 0;
          zeroCorrelationZoneConfig                                 = 12;
          preambleReceivedTargetPower                               = -104;
#preamblTransMax (0...10) = (3,4,5,6,7,8,10,20,50,100,200)
          preambleTransMax                                          = 6;
#powerRampingStep
# 0=dB0,1=dB2,2=dB4,3=dB6
        powerRampingStep                                            = 1;
#ra_ReponseWindow
#1,2,4,8,10,20,40,80
        ra_ResponseWindow                                           = 4;
#ssb_perRACH_OccasionAndCB_PreamblesPerSSB_PR
#1=oneeighth,2=onefourth,3=half,4=one,5=two,6=four,7=eight,8=sixteen
        ssb_perRACH_OccasionAndCB_PreamblesPerSSB_PR                = 3;
#oneHalf (0..15) 4,8,12,16,...60,64
        ssb_perRACH_OccasionAndCB_PreamblesPerSSB                   = 15;
#ra_ContentionResolutionTimer
#(0..7) 8,16,24,32,40,48,56,64
        ra_ContentionResolutionTimer                                = 7;
        rsrp_ThresholdSSB                                           = 19;
#prach-RootSequenceIndex_PR
#1 = 839, 2 = 139
        prach_RootSequenceIndex_PR                                  = 2;
        prach_RootSequenceIndex                                     = 1;
        # SCS for msg1, can only be 15 for 30 kHz < 6 GHz, takes precendence over the one derived from prach-ConfigIndex
        #
        msg1_SubcarrierSpacing                                      = 1,
# restrictedSetConfig
# 0=unrestricted, 1=restricted type A, 2=restricted type B
        restrictedSetConfig                                         = 0,

        msg3_DeltaPreamble                                          = 1;
        p0_NominalWithGrant                                         =-90;

# pucch-ConfigCommon setup :
# pucchGroupHopping
# 0 = neither, 1= group hopping, 2=sequence hopping
        pucchGroupHopping                                           = 0;
        hoppingId                                                   = 40;
        p0_nominal                                                  = -90;
# ssb_PositionsInBurs_BitmapPR
# 1=short, 2=medium, 3=long
      ssb_PositionsInBurst_PR                                       = 2;
      ssb_PositionsInBurst_Bitmap                                   = 1;

# ssb_periodicityServingCell
# 0 = ms5, 1=ms10, 2=ms20, 3=ms40, 4=ms80, 5=ms160, 6=spare2, 7=spare1
      ssb_periodicityServingCell                                    = 2;

# dmrs_TypeA_position
# 0 = pos2, 1 = pos3
      dmrs_TypeA_Position                                           = 0;

# subcarrierSpacing
# 0=kHz15, 1=kHz30, 2=kHz60, 3=kHz120
      subcarrierSpacing                                             = 1;


  #tdd-UL-DL-ConfigurationCommon
# subcarrierSpacing
# 0=kHz15, 1=kHz30, 2=kHz60, 3=kHz120
      referenceSubcarrierSpacing                                    = 1;
      # pattern1
      # dl_UL_TransmissionPeriodicity
      # 0=ms0p5, 1=ms0p625, 2=ms1, 3=ms1p25, 4=ms2, 5=ms2p5, 6=ms5, 7=ms10
      dl_UL_TransmissionPeriodicity                                 = 6;
      nrofDownlinkSlots                                             = 7;
      nrofDownlinkSymbols                                           = 6;
      nrofUplinkSlots                                               = 2;
      nrofUplinkSymbols                                             = 4;

  ssPBCH_BlockPower                                             = -25;
  }

  );


    # ------- SCTP definitions
    SCTP :
    {
        # Number of streams to use in input/output
        SCTP_INSTREAMS  = 2;
        SCTP_OUTSTREAMS = 2;
    };

    ////////// AMF parameters:
        amf_ip_address      = ( { ipv4       = "192.168.70.138";
                                  ipv6       = "192:168:30::17";
                                  active     = "yes";
                                  preference = "ipv4";
                                                                                                                              }
                                                                                                                                          );

        NETWORK_INTERFACES :
        {

           GNB_INTERFACE_NAME_FOR_NG_AMF            = "eth0";
           GNB_IPV4_ADDRESS_FOR_NG_AMF              = "192.168.70.153";
           GNB_INTERFACE_NAME_FOR_NGU               = "eth1";
           GNB_IPV4_ADDRESS_FOR_NGU                 = "192.168.72.153";
           GNB_PORT_FOR_S1U                         = 2152; # Spec 2152
        };

  }
);

MACRLCs = (
  {
    num_cc           = 1;
    tr_s_preference  = "local_L1";
    tr_n_preference  = "local_RRC";
    pusch_TargetSNRx10 = 200;
    pucch_TargetSNRx10 = 200;
     ulsch_max_frame_inactivity = 1;
  }
);

L1s = (
{
  num_cc = 1;
  tr_n_preference = "local_mac";
  prach_dtx_threshold = 200;
#  pucch0_dtx_threshold = 150;
}
);

RUs = (
    {
       local_rf       = "yes"
         nb_tx          = 1
         nb_rx          = 1
         att_tx         = 0
         att_rx         = 0;
         bands          = [78];
         max_pdschReferenceSignalPower = -27;
         max_rxgain                    = 75;
         eNB_instances  = [0];
         ##beamforming 1x2 matrix: 1 layer x 2 antennas
         bf_weights = [0x00007fff, 0x0000];
         ##beamforming 1x4 matrix: 1 layer x 4 antennas
         #bf_weights = [0x00007fff, 0x0000,0x0000, 0x0000];
         ## beamforming 2x2 matrix:
         # bf_weights = [0x00007fff, 0x00000000, 0x00000000, 0x00007fff];
         ## beamforming 4x4 matrix:
         #bf_weights = [0x00007fff, 0x0000, 0x0000, 0x0000, 0x00000000, 0x00007fff, 0x0000, 0x0000, 0x0000, 0x0000, 0x00007fff, 0x0000, 0x0000, 0x0000, 0x0000, 0x00007fff];
         sf_extension = 0
         sdr_addrs = "serial=XXXXXXX"
    }
);

THREAD_STRUCT = (
  {
    #three config for level of parallelism "PARALLEL_SINGLE_THREAD", "PARALLEL_RU_L1_SPLIT", or "PARALLEL_RU_L1_TRX_SPLIT"
    parallel_config    = "PARALLEL_SINGLE_THREAD";
    #two option for worker "WORKER_DISABLE" or "WORKER_ENABLE"
    worker_config      = "WORKER_ENABLE";
  }
);

security = {
  # preferred ciphering algorithms
  # the first one of the list that an UE supports in chosen
  # valid values: nea0, nea1, nea2, nea3
  ciphering_algorithms = ( "nea0" );

  # preferred integrity algorithms
  # the first one of the list that an UE supports in chosen
  # valid values: nia0, nia1, nia2, nia3
  integrity_algorithms = ( "nia2", "nia0" );

  # setting 'drb_ciphering' to "no" disables ciphering for DRBs, no matter
  # what 'ciphering_algorithms' configures; same thing for 'drb_integrity'
  drb_ciphering = "yes";
  drb_integrity = "no";
};

     log_config :
     {
       global_log_level                      ="info";
       hw_log_level                          ="info";
       phy_log_level                         ="info";
       mac_log_level                         ="info";
       rlc_log_level                         ="info";
       pdcp_log_level                        ="info";
       rrc_log_level                         ="info";
       f1ap_log_level                         ="debug";
    };
==================================
== Load USRP binaries
==================================
== Starting gNB soft modem
Additional option(s): --sa -E --rfsim --log_config.global_log_options level,nocolor,time --opt.type pcap --opt.path /home/pcap.pcap
/opt/oai-gnb/bin/nr-softmodem -O /opt/oai-gnb/etc/gnb.conf --sa -E --rfsim --log_config.global_log_options level,nocolor,time --opt.type pcap --opt.path /home/pcap.pcap
8431.407115 [HW] I # /dev/cpu_dma_latency set to 2 us
8431.422825 [ENB_APP] I nfapi running mode: MONOLITHIC
8431.422840 [GNB_APP] I Getting GNBSParams
8432.422986 [ITTI] I Starting itti queue: TASK_UNKNOWN as task 0
8432.423005 [ITTI] I Starting itti queue: TASK_TIMER as task 1
8432.423010 [ITTI] I Starting itti queue: TASK_L2L1 as task 2
8432.423013 [ITTI] I Starting itti queue: TASK_BM as task 3
8432.423016 [ITTI] I Starting itti queue: TASK_PHY_ENB as task 4
8432.423018 [ITTI] I Starting itti queue: TASK_MAC_GNB as task 5
8432.423023 [ITTI] I Starting itti queue: TASK_RLC_ENB as task 6
8432.423027 [ITTI] I Starting itti queue: TASK_RRC_ENB_NB_IoT as task 7
8432.423031 [ITTI] I Starting itti queue: TASK_PDCP_ENB as task 8
8432.423034 [ITTI] I Starting itti queue: TASK_PDCP_GNB as task 9
8432.423037 [ITTI] I Starting itti queue: TASK_DATA_FORWARDING as task 10
8432.423040 [ITTI] I Starting itti queue: TASK_END_MARKER as task 11
8432.423042 [ITTI] I Starting itti queue: TASK_RRC_ENB as task 12
8432.423045 [ITTI] I Starting itti queue: TASK_RRC_GNB as task 13
8432.423047 [ITTI] I Starting itti queue: TASK_RAL_ENB as task 14
8432.423050 [ITTI] I Starting itti queue: TASK_S1AP as task 15
8432.423052 [ITTI] I Starting itti queue: TASK_NGAP as task 16
8432.423055 [ITTI] I Starting itti queue: TASK_X2AP as task 17
8432.423058 [ITTI] I Starting itti queue: TASK_M2AP_ENB as task 18
8432.423060 [ITTI] I Starting itti queue: TASK_M2AP_MCE as task 19
8432.423062 [ITTI] I Starting itti queue: TASK_M3AP as task 20
8432.423065 [ITTI] I Starting itti queue: TASK_M3AP_MME as task 21
8432.423068 [ITTI] I Starting itti queue: TASK_M3AP_MCE as task 22
8432.423071 [ITTI] I Starting itti queue: TASK_SCTP as task 23
8432.423074 [ITTI] I Starting itti queue: TASK_ENB_APP as task 24
8432.423076 [ITTI] I Starting itti queue: TASK_GNB_APP as task 25
8432.423079 [ITTI] I Starting itti queue: TASK_MCE_APP as task 26
8432.423081 [ITTI] I Starting itti queue: TASK_MME_APP as task 27
8432.423084 [ITTI] I Starting itti queue: TASK_PHY_UE as task 28
8432.423086 [ITTI] I Starting itti queue: TASK_MAC_UE as task 29
8432.423089 [ITTI] I Starting itti queue: TASK_RLC_UE as task 30
8432.423091 [ITTI] I Starting itti queue: TASK_PDCP_UE as task 31
8432.423094 [ITTI] I Starting itti queue: TASK_RRC_UE as task 32
8432.423096 [ITTI] I Starting itti queue: TASK_RRC_NRUE as task 33
8432.423103 [ITTI] I Starting itti queue: TASK_NAS_UE as task 34
8432.423106 [ITTI] I Starting itti queue: TASK_RAL_UE as task 35
8432.423109 [ITTI] I Starting itti queue: TASK_GTPV1_U as task 36
8432.423111 [ITTI] I Starting itti queue: TASK_CU_F1 as task 37
8432.423114 [ITTI] I Starting itti queue: TASK_DU_F1 as task 38
8432.423117 [ITTI] I Starting itti queue: TASK_CUCP_E1 as task 39
8432.423119 [ITTI] I Starting itti queue: TASK_CUUP_E1 as task 40
8432.423121 [ITTI] I Starting itti queue: TASK_RRC_UE_SIM as task 41
8432.423124 [ITTI] I Starting itti queue: TASK_RRC_GNB_SIM as task 42
8432.423127 [ITTI] I Starting itti queue: TASK_RRC_NSA_UE as task 43
8432.423129 [ITTI] I Starting itti queue: TASK_RRC_NSA_NRUE as task 44
8432.423132 [ITTI] I Starting itti queue: TASK_NAS_NRUE as task 45
8432.423146 [OPT] I mode PCAB : path is /home/pcap.pcap 
8432.423230 [HW] I Version: Branch: HEAD Abrev. Hash: 790c3b999 Date: Tue Dec 12 12:39:04 2023 +0000
8432.423233 [NR_PHY] I RC.gNB = 0x558841498660
8432.423624 [NR_PHY] I PRB blacklist 51,52,53,54
8432.423627 [NR_PHY] I Blacklisting prb 51
8432.423627 [NR_PHY] I Blacklisting prb 52
8432.423628 [NR_PHY] I Blacklisting prb 53
8432.423629 [NR_PHY] I Blacklisting prb 54
8432.423630 [NR_PHY] I Copying 4 blacklisted PRB to L1 context
8432.423654 [PHY] I L1_RX_THREAD_CORE -1 (16)
8432.423657 [PHY] I TX_AMP = 519 (-36 dBFS)
8432.423659 [PHY] I l1_north_init_gNB() RC.nb_nr_L1_inst:1
8432.423660 [PHY] I Installing callbacks for IF_Module - UL_indication
8432.423661 [MAC] I Allocating shared L1/L2 interface structure for instance 0 @ 0x55884149e440
8432.423662 [PHY] I l1_north_init_gNB() RC.gNB[0] installing callbacks
8432.423738 [PHY] I create_gNB_tasks() Task ready initialize structures
8432.423845 [NR_PHY] I PRB blacklist 51,52,53,54
8432.423847 [NR_PHY] I Blacklisting prb 51
8432.423847 [NR_PHY] I Blacklisting prb 52
8432.423848 [NR_PHY] I Blacklisting prb 53
8432.423849 [NR_PHY] I Blacklisting prb 54
8432.423849 [NR_PHY] I Copying 4 blacklisted PRB to L1 context
8432.423873 [PHY] I L1_RX_THREAD_CORE -1 (16)
8432.423875 [PHY] I TX_AMP = 519 (-36 dBFS)
8432.423876 [PHY] I l1_north_init_gNB() RC.nb_nr_L1_inst:1
8432.423876 [PHY] I Installing callbacks for IF_Module - UL_indication
8432.423877 [PHY] I l1_north_init_gNB() RC.gNB[0] installing callbacks
8432.423879 [PHY] I No prs_config configuration found..!!
8432.423958 [GNB_APP] I pdsch_AntennaPorts N1 1 N2 1 XP 1 pusch_AntennaPorts 1
8432.423960 [GNB_APP] I minTXRXTIME 6
8432.423960 [GNB_APP] I SIB1 TDA 1
8432.423961 [GNB_APP] I CSI-RS 0, SRS 1, 256 QAM may be on
8432.424085 [RRC] I Read in ServingCellConfigCommon (PhysCellId 0, ABSFREQSSB 621312, DLBand 78, ABSFREQPOINTA 620040, DLBW 106,RACH_TargetReceivedPower -104
8432.424088 [NR_MAC] I NR band duplex spacing is 0 KHz (nr_bandtable[37].band = 78)
8432.424090 [RRC] I absoluteFrequencySSB 621312 corresponds to 3319680000 Hz
8432.424091 [NR_MAC] I NR band duplex spacing is 0 KHz (nr_bandtable[37].band = 78)
8432.424092 [NR_MAC] I NR band 78, duplex mode TDD, duplex spacing = 0 KHz
8432.424094 [NR_MAC] I NR band duplex spacing is 0 KHz (nr_bandtable[37].band = 78)
8432.424095 [NR_MAC] I NR band 78, duplex mode TDD, duplex spacing = 0 KHz
8432.424176 [MAC] I [MAIN] Init function start:nb_nr_macrlc_inst=1
8432.424192 [UTIL] I Creating thread MAC_STATS with affinity -1 and priority 2
8432.430581 [PHY] I Installing callbacks for IF_Module - UL_indication
8432.430593 [NR_MAC] I Configuring common parameters from NR ServingCellConfig
8432.430595 [NR_MAC] I config_common() dl_BandwidthP:40
8432.430597 [NR_MAC] I NR band duplex spacing is 0 KHz (nr_bandtable[37].band = 78)
8432.430598 [NR_MAC] I config_common() dl_BandwidthP:40
8432.430599 [NR_MAC] I NR band duplex spacing is 0 KHz (nr_bandtable[37].band = 78)
8432.430600 [NR_MAC] I NR band duplex spacing is 0 KHz (nr_bandtable[37].band = 78)
8432.430601 [NR_MAC] I NR band 78, duplex mode TDD, duplex spacing = 0 KHz
8432.430603 [NR_MAC] I ssb_OffsetPointA 86, ssb_SubcarrierOffset 0
8432.430605 [NR_MAC] I Set RX antenna number to 1, Set TX antenna number to 1 (num ssb 1: 80000000,0)
8432.430606 [NR_MAC] I Setting TDD configuration period to 6
8432.430610 [NR_MAC] I TDD has been properly configurated
8432.430613 [PHY] I DL frequency 3319680000 Hz, UL frequency 3319680000 Hz: band 78, uldl offset 0 Hz
8432.430614 [PHY] A Configuring MIB for instance 0, : (Nid_cell 0,DL freq 3319680000, UL freq 3319680000)
8432.430616 [PHY] I Initializing frame parms for mu 1, N_RB 106, Ncp 0
8432.430617 [PHY] W Init: N_RB_DL 106, first_carrier_offset 900, nb_prefix_samples 108,nb_prefix_samples0 132, ofdm_symbol_size 1536
8432.430706 [PHY] I gNB 0 configured
8432.430719 [NR_MAC] I PUSCH Target 200, PUCCH Target 200, PUCCH Failure 10, PUSCH Failure 10
8432.430801 [GNB_APP] W no slices transported via F1 Setup Request!
8432.430805 [NR_RRC] I SIB1 freq: offsetToPointA 86
8432.430824 [NR_MAC] I NR band duplex spacing is 0 KHz (nr_bandtable[37].band = 78)
8432.430826 [NR_MAC] I NR band 78, duplex mode TDD, duplex spacing = 0 KHz
8432.430855 [GNB_APP] I F1AP: gNB idx 0 gNB_DU_id 3584, gNB_DU_name gnb-rfsim, TAC 40960 MCC/MNC/length 208/95/2 cellID 12345678
8432.430857 [GNB_APP] I ngran_DU: Configuring Cell 0 for TDD
8432.430871 [PHY] I create_gNB_tasks() RC.nb_nr_L1_inst:1
8432.430872 [PHY] I l1_north_init_gNB() RC.nb_nr_L1_inst:1
8432.430874 [PHY] I Installing callbacks for IF_Module - UL_indication
8432.430874 [PHY] I l1_north_init_gNB() RC.gNB[0] installing callbacks
8432.430875 [GNB_APP] I Allocating gNB_RRC_INST for 1 instances
CMDLINE: "/opt/oai-gnb/bin/nr-softmodem" "-O" "/opt/oai-gnb/etc/gnb.conf" "--sa" "-E" "--rfsim" "--log_config.global_log_options" "level,nocolor,time" "--opt.type" "pcap" "--opt.path" "/home/pcap.pcap" 
[CONFIG] get parameters from libconfig /opt/oai-gnb/etc/gnb.conf [LIBCONFIG] Path for include directive set to: /opt/oai-gnb/etc
[CONFIG] function config_libconfig_init returned 0
[CONFIG] config module libconfig loaded
[LIBCONFIG] config: 2/2 parameters successfully set, (2 to default value)
[CONFIG] debug flags: 0x00000000
[LIBCONFIG] log_config: 3/3 parameters successfully set, (1 to default value)
[LIBCONFIG] log_config: 53/53 parameters successfully set, (46 to default value)
[LIBCONFIG] log_config: 53/53 parameters successfully set, (53 to default value)
[LIBCONFIG] log_config: 16/16 parameters successfully set, (16 to default value)
[LIBCONFIG] log_config: 16/16 parameters successfully set, (16 to default value)
log init done
Reading in command-line options
[LIBCONFIG] (root): 41/41 parameters successfully set, (38 to default value)
[LIBCONFIG] (root): 6/6 parameters successfully set, (5 to default value)
[LIBCONFIG] (root): 2/2 parameters successfully set, (0 to default value)
[LIBCONFIG] THREAD_STRUCT.[0]: 2/2 parameters successfully set, (0 to default value)
[LIBCONFIG] THREAD_STRUCT.[0]: 2/2 parameters successfully set, (0 to default value)
[CONFIG] parallel_conf is set to 0
[CONFIG] worker_conf is set to 1
Configuration: nb_rrc_inst 1, nb_nr_L1_inst 1, nb_ru 1
[LIBCONFIG] TTracer: 3/3 parameters successfully set, (3 to default value)
configuring for RAU/RRU
[LIBCONFIG] opt: 3/3 parameters successfully set, (3 to default value)
[LIBCONFIG] (root): 2/2 parameters successfully set, (0 to default value)
[LIBCONFIG] gNBs.[0]: 30/30 parameters successfully set, (21 to default value)
[LIBCONFIG] L1s.[0]: 19/19 parameters successfully set, (16 to default value)
Initializing northbound interface for L1
[LIBCONFIG] gNBs.[0]: 30/30 parameters successfully set, (21 to default value)
[LIBCONFIG] MACRLCs.[0]: 34/34 parameters successfully set, (28 to default value)
[LIBCONFIG] list gNBs.[0].E1_INTERFACE not found in config file /opt/oai-gnb/etc/gnb.conf 
[LIBCONFIG] (root): 2/2 parameters successfully set, (0 to default value)
[LIBCONFIG] gNBs.[0]: 30/30 parameters successfully set, (21 to default value)
[LIBCONFIG] (root): 2/2 parameters successfully set, (0 to default value)
[LIBCONFIG] gNBs.[0]: 30/30 parameters successfully set, (21 to default value)
[LIBCONFIG] L1s.[0]: 19/19 parameters successfully set, (16 to default value)
Initializing northbound interface for L1
[LIBCONFIG] list prs_config not found in config file /opt/oai-gnb/etc/gnb.conf 
[LIBCONFIG] (root): 2/2 parameters successfully set, (0 to default value)
[LIBCONFIG] gNBs.[0]: 30/30 parameters successfully set, (21 to default value)
[LIBCONFIG] MACRLCs.[0]: 34/34 parameters successfully set, (28 to default value)
[LIBCONFIG] gNBs.[0].servingCellConfigCommon.[0]: 60/60 parameters successfully set, (10 to default value)
[LIBCONFIG] list gNBs.[0].servingCellConfigDedicated not found in config file /opt/oai-gnb/etc/gnb.conf 
[LIBCONFIG] gNBs.[0]: 30/30 parameters successfully set, (21 to default value)
[LIBCONFIG] MACRLCs.[0]: 34/34 parameters successfully set, (28 to default value)
[LIBCONFIG] list gNBs.[0].E1_INTERFACE not found in config file /opt/oai-gnb/etc/gnb.conf 
[LIBCONFIG] gNBs.[0]: 30/30 parameters successfully set, (21 to default value)
[LIBCONFIG] MACRLCs.[0]: 34/34 parameters successfully set, (28 to default value)
[LIBCONFIG] list gNBs.[0].E1_INTERFACE not found in config file /opt/oai-gnb/etc/gnb.conf 
DL frequency 3319680000: band 78, UL frequency 3319680000
[LIBCONFIG] (root): 2/2 parameters successfully set, (0 to default value)
[LIBCONFIG] gNBs.[0]: 30/30 parameters successfully set, (21 to default value)
[LIBCONFIG] gNBs.[0].plmn_list.[0]: 3/3 parameters successfully set, (0 to default value)
[LIBCONFIG] (root): 2/2 parameters successfully set, (0 to default value)
[LIBCONFIG] gNBs.[0]: 30/30 parameters successfully set, (21 to default val8432.430996 [GNB_APP] I SDAP layer is disabled
8432.430998 [GNB_APP] I Data Radio Bearer count 1
8432.431007 [NR_RRC] I do_SIB23_NR, size 9 
 8432.431223 [PDCP] I pdcp init,usegtp 
8432.431317 [GNB_APP] I default drx 0
8432.431321 [GNB_APP] I [gNB 0] gNB_app_register for instance 0
8432.431323 [UTIL] I Creating thread TASK_SCTP with affinity -1 and priority 50
8432.433515 [ITTI] I Created Posix thread TASK_SCTP
8432.433520 [X2AP] I X2AP is disabled.
8432.433576 [UTIL] I Creating thread TASK_NGAP with affinity -1 and priority 50
8432.435702 [NGAP] I Starting NGAP layer
8432.435723 [ITTI] I Created Posix thread TASK_NGAP
8432.435727 [UTIL] I Creating thread TASK_GNB_APP with affinity -1 and priority 50
8432.436109 [NGAP] I Registered new gNB[0] and macro gNB id 3584
8432.436115 [NGAP] I [gNB 0] check the amf registration state
8432.436530 [NGAP] I 3584 -> 0000e000
8432.438368 [ITTI] I Created Posix thread TASK_GNB_APP
8432.438375 [UTIL] I Creating thread TASK_RRC_GNB with affinity -1 and priority 50
8432.441025 [ITTI] I Created Posix thread TASK_RRC_GNB
8432.441037 [NR_RRC] I Entering main loop of NR_RRC message task
8432.441042 [NR_RRC] I Received F1 Setup Request from gNB_DU 3584 (gnb-rfsim) on assoc_id -1
8432.441090 [RRC] I Accepting DU 3584 (gnb-rfsim), sending F1 Setup Response
8432.441095 [MAC] I received F1 Setup Response from CU (null)
8432.441103 [GTPU] I Configuring GTPu
8432.441134 [GTPU] I SA mode 
8432.441137 [GTPU] I Configuring GTPu address : 192.168.72.153, port : 2152
8432.441139 [GTPU] I Initializing UDP for local address 192.168.72.153 with port 2152
8432.441160 [GTPU] I Created gtpu instance id: 101
8432.441165 [UTIL] I Creating thread TASK_GTPV1_U with affinity -1 and priority 50
8432.441168 [RRC] I Accepting new CU-UP ID 3584 name gnb-rfsim (assoc_id -1)
8432.443341 [ITTI] I Created Posix thread TASK_GTPV1_U
8432.444749 [NGAP] I servedGUAMIs.list.count 2
8432.444755 [NGAP] I PLMNSupportList.list.count 1
8432.444757 [NGAP] I PLMNSupportList.list.count 6
8432.444768 [GNB_APP] I [gNB 0] Received NGAP_REGISTER_GNB_CNF: associated AMF 1
8432.447857 [PHY] I Initializing gNB 0 single_thread_flag:1
8432.447861 [PHY] I Initializing gNB 0
8432.447863 [PHY] I Registering with MAC interface module (before 0x55884149e440)
8432.447864 [PHY] I Installing callbacks for IF_Module - UL_indication
8432.447866 [PHY] I Registering with MAC interface module (after 0x55884149e440)
8432.447867 [PHY] I Setting indication lists
8432.447868 [PHY] I [nr-gnb.c] gNB structure allocated
8432.498250 [PHY] I RU GPIO control set as 'generic'
8432.498254 [PHY] I Setting clock source to internal
8432.498255 [PHY] I Setting time source to internal
8432.498280 [PHY] I number of L1 instances 1, number of RU 1, number of CPU cores 12
8432.498282 [PHY] E DJP - delete code above this ../../../executables/nr-ru.c:1822
8432.498283 [PHY] I Copying frame parms from gNB in RC to gNB 0 in ru 0 and frame_parms in ru
8432.498470 [PHY] I Starting ru_thread 0
8432.498473 [PHY] I Initialized RU proc 0 (,synch_to_ext_device),
8432.498474 [PHY] I RU Thread pool size 2
8432.498476 [PHY] I RU thread-pool core string -1,-1
8432.498482 [UTIL] I Creating thread Tpool0_-1 with affinity -1 and priority 50
ue)
NRRRC 0: Southbound Transport local_mac
[LIBCONFIG] gNBs.[0]: 30/30 parameters successfully set, (21 to default value)
[LIBCONFIG] MACRLCs.[0]: 34/34 parameters successfully set, (28 to default value)
[LIBCONFIG] list gNBs.[0].E1_INTERFACE not found in config file /opt/oai-gnb/etc/gnb.conf 
[LIBCONFIG] gNBs.[0].plmn_list.[0]: 3/3 parameters successfully set, (0 to default value)
[LIBCONFIG] security: 4/4 parameters successfully set, (0 to default value)
[LIBCONFIG] gNBs.[0]: 30/30 parameters successfully set, (21 to default value)
[LIBCONFIG] MACRLCs.[0]: 34/34 parameters successfully set, (28 to default value)
[LIBCONFIG] list gNBs.[0].E1_INTERFACE not found in config file /opt/oai-gnb/etc/gnb.conf 
[LIBCONFIG] gNBs.[0]: 30/30 parameters successfully set, (21 to default value)
[LIBCONFIG] MACRLCs.[0]: 34/34 parameters successfully set, (28 to default value)
[LIBCONFIG] list gNBs.[0].E1_INTERFACE not found in config file /opt/oai-gnb/etc/gnb.conf 
[LIBCONFIG] gNBs.[0]: 30/30 parameters successfully set, (21 to default value)
[LIBCONFIG] MACRLCs.[0]: 34/34 parameters successfully set, (28 to default value)
[LIBCONFIG] list gNBs.[0].E1_INTERFACE not found in config file /opt/oai-gnb/etc/gnb.conf 
[LIBCONFIG] eNBs.[0]: 1/1 parameters successfully set, (1 to default value)
[LIBCONFIG] gNBs.[0]: 1/1 parameters successfully set, (1 to default value)
[LIBCONFIG] (root): 2/2 parameters successfully set, (0 to default value)
[LIBCONFIG] gNBs.[0]: 30/30 parameters successfully set, (21 to default value)
[LIBCONFIG] gNBs.[0].plmn_list.[0]: 3/3 parameters successfully set, (0 to default value)
[LIBCONFIG] gNBs.[0].plmn_list.[0].snssaiList.[0]: 2/2 parameters successfully set, (0 to default value)
[LIBCONFIG] gNBs.[0].plmn_list.[0].snssaiList.[1]: 2/2 parameters successfully set, (0 to default value)
[LIBCONFIG] gNBs.[0].plmn_list.[0].snssaiList.[2]: 2/2 parameters successfully set, (0 to default value)
[LIBCONFIG] gNBs.[0].amf_ip_address.[0]: 4/4 parameters successfully set, (0 to default value)
[LIBCONFIG] gNBs.[0].SCTP: 2/2 parameters successfully set, (0 to default value)
[LIBCONFIG] gNBs.[0].NETWORK_INTERFACES: 10/10 parameters successfully set, (3 to default value)
[LIBCONFIG] gNBs.[0].NETWORK_INTERFACES: 10/10 parameters successfully set, (3 to default value)
[LIBCONFIG] gNBs.[0]: 30/30 parameters successfully set, (21 to default value)
[LIBCONFIG] MACRLCs.[0]: 34/34 parameters successfully set, (28 to default value)
[LIBCONFIG] list gNBs.[0].E1_INTERFACE not found in config file /opt/oai-gnb/etc/gnb.conf 
[LIBCONFIG] (root): 2/2 parameters successfully set, (0 to default value)
[LIBCONFIG] gNBs.[0]: 30/30 parameters successfully set, (21 to default value)
[LIBCONFIG] gNBs.[0].plmn_list.[0]: 3/3 parameters successfully set, (0 to default value)
[LIBCONFIG] gNBs.[0].plmn_list.[0].snssaiList.[0]: 2/2 parameters successfully set, (0 to default value)
[LIBCONFIG] gNBs.[0].plmn_list.[0].snssaiList.[1]: 2/2 parameters successfully set, (0 to default value)
[LIBCONFIG] gNBs.[0].plmn_list.[0].snssaiList.[2]: 2/2 parameters successfully set, (0 to default value)
[LIBCONFIG] (root): 2/2 parameters successfully set, (0 to default value)
[LIBCONFIG] gNBs.[0].NETWORK_INTERFACES: 10/10 parameters successfully set, (3 to default value)
START MAIN THREADS
RC.nb_nr_L1_inst:1
Initializing gNB threads single_thread_flag:1 wait_for_sync:0
wait_gNBs()
Waiting for gNB L1 instances to all get configured ... sleeping 50ms (nb_nr_sL1_inst 1)
gNB L1 are configured
About to Init RU threads RC.nb_RU:1
Initializing RU threads
configuring RU from file
[LIBCONFIG] RUs.[0]: 43/43 parameters successfully set, (31 to default value)
[LIBCONFIG] (root): 2/2 parameters successfully set, (0 to default value)
[LIBCONFIG] gNBs.[0]: 30/30 parameters successfully set, (21 to default value)
Set RU mask to 1
Creating RC.ru[0]:0x5588414f6c60
Setting function for RU 0 to gNodeB_3GPP
[RU 0] Setting nr_flag 0, nr_band 78, nr_scs_for_raster 1
[RU 0] Setting half-slot parallelization to 1
configuring ru_id 0 (start_rf 0x55883cd085d0)
create a thread for core -1
create a t8432.500763 [UTIL] I Creating thread Tpool1_-1 with affinity -1 and priority 50
8432.502910 [GNB_APP] W E2 agent is DISABLED (for activation, define .e2_agent.{near_ric_ip_addr,sm_dir} parameters)
8432.502914 [UTIL] I Creating thread ru_thread with affinity -1 and priority 97
8432.505014 [PHY] I Starting RU 0 (,synch_to_ext_device) on cpu 10
8432.505020 [PHY] I Initializing frame parms for mu 1, N_RB 106, Ncp 0
8432.505022 [PHY] W Init: N_RB_DL 106, first_carrier_offset 900, nb_prefix_samples 108,nb_prefix_samples0 132, ofdm_symbol_size 1536
8432.505024 [PHY] I fp->scs=30000
8432.505024 [PHY] I Waiting for RUs to be configured ... RC.ru_mask:01
8432.505025 [PHY] I fp->ofdm_symbol_size=1536
8432.505026 [PHY] I fp->nb_prefix_samples0=132
8432.505027 [PHY] I fp->nb_prefix_samples=108
8432.505028 [PHY] I fp->slots_per_subframe=2
8432.505029 [PHY] I fp->samples_per_subframe_wCP=43008
8432.505030 [PHY] I fp->samples_per_frame_wCP=430080
8432.505031 [PHY] I fp->samples_per_subframe=46080
8432.505031 [PHY] I fp->samples_per_frame=460800
8432.505032 [PHY] I fp->dl_CarrierFreq=3319680000
8432.505033 [PHY] I fp->ul_CarrierFreq=3319680000
8432.505034 [PHY] I Setting RF config for N_RB 106, NB_RX 1, NB_TX 1
8432.505036 [PHY] I Channel 0: setting tx_gain offset 0, rx_gain offset 75, tx_freq 3319680000 Hz, rx_freq 3319680000 Hz, tune_offset 0 Hz, sample_rate 46080000 Hz
8432.505043 [PHY] I Initializing RU signal buffers (if_south local RF) nb_tx 1, nb_rx 1
8432.505669 [PHY] I [INIT] common.txdata[0] = 0x7fe29404b040 (1843200 bytes,sf_extension 0)
8432.505673 [PHY] I [INIT] common.txdata[0] = 0x7fe29404b040 
8432.505992 [PHY] I nb_tx 1
8432.506125 [PHY] I rxdata_7_5kHz[0] 0x7fe27dd84040 for RU 0
8432.506420 [PHY] I [INIT] common.txdata_BF= 0x7fe278000b00 (8 bytes)
8432.506457 [PHY] I txdataF_BF[0] 0x7fe294020040 for RU 0
8432.506523 [PHY] I rxdataF[0] 0x7fe27db8a040 for RU 0
8432.509769 [PHY] I [INIT] nr_phy_init_RU() ru->num_gNB:1 
8432.510262 [HW] W The RFSIMULATOR environment variable is deprecated and support will be removed in the future. Instead, add parameter --rfsimulator.serveraddr server to set the server address. Note: the default is "server"; for the gNB/eNB, you don't have to set any configuration.
8432.510265 [HW] I Remove RFSIMULATOR environment variable to get rid of this message and the sleep.
8442.510281 [HW] W sample_rate 46080000.000000
8442.510293 [HW] I Running as server waiting opposite rfsimulators to connect
8442.510372 [HW] I [RAU] has loaded RFSIMULATOR device.
8442.510375 [PHY] I RU 0 Setting N_TA_offset to 600 samples (factor 1.500000, UL Freq 3300600, N_RB 106, mu 1)
8442.510378 [PHY] I Signaling main thread that RU 0 is ready, sl_ahead 6
8442.510387 [PHY] I RUs configured
8442.510393 [PHY] I init_eNB_afterRU() RC.nb_nr_inst:1
8442.510396 [PHY] I RC.nb_nr_CC[inst:0]:0x7fe298367010
8442.510397 [PHY] I [gNB 0] phy_init_nr_gNB() About to wait for gNB to be configured
8442.671949 [PHY] I Initialise nr transport
8442.838422 [PHY] I Mapping RX ports from 1 RUs to gNB 0
8442.838434 [PHY] I gNB->num_RU:1
8442.838435 [PHY] I Attaching RU 0 antenna 0 to gNB antenna 0
8442.838443 [UTIL] I Creating thread Tpool0_-1 with affinity -1 and priority 50
8442.840746 [UTIL] I Creating thread Tpool1_-1 with affinity -1 and priority 50
8442.842897 [UTIL] I Creating thread Tpool2_-1 with affinity -1 and priority 50
8442.844981 [UTIL] I Creating thread Tpool3_-1 with affinity -1 and priority 50
8442.847152 [UTIL] I Creating thread Tpool4_-1 with affinity -1 and priority 50
8442.849314 [UTIL] I Creating thread Tpool5_-1 with affinity -1 and priority 50
8442.851530 [UTIL] I Creating thread Tpool6_-1 with affinity -1 and priority 50
8442.853742 [UTIL] I Creating thread Tpool7_-1 with affinity -1 and priority 50
8442.867144 [PHY] I Creating thread for TX reordering and dispatching to RU
8442.867152 [UTIL] I Creating thread thread_tx_reorder with affinity -1 and priority 97
8442.869417 [UTIL] I Creating thread L1_stats with affinity -1 and priority 1
hread for core -1
[LIBCONFIG] e2_agent: 2/2 parameters successfully set, (2 to default value)
wait RUs
[LIBCONFIG] device.recplay: 8/8 parameters successfully set, (8 to default value)
[LIBCONFIG] device: 1/1 parameters successfully set, (1 to default value)
[LIBCONFIG] loader: 2/2 parameters successfully set, (2 to default value)
[LIBCONFIG] loader.rfsimulator: 2/2 parameters successfully set, (1 to default value)
shlib_path librfsimulator.so
[LOADER] library librfsimulator.so successfully loaded
[LIBCONFIG] rfsimulator: 9/9 parameters successfully set, (8 to default value)
Initializing random number generator, seed 7863636059116458290
setup_RU_buffers: frame_parms = 0x7fe29420e010
waiting for sync (ru_thread,-1/0x55883d9280b4,0x55883f22a3a0,0x55883f2295e0)
RC.ru_mask:00
ALL RUs READY!
RC.nb_RU:1
ALL RUs ready - init gNBs
Not NFAPI mode - call init_eNB_afterRU()
[LIBCONFIG] loader.dfts: 2/2 parameters successfully set, (1 to default value)
shlib_path libdfts.so
[LOADER] library libdfts.so successfully loaded
[LIBCONFIG] loader.ldpc: 2/2 parameters successfully set, (1 to default value)
shlib_path libldpc.so
[LOADER] library libldpc.so successfully loaded
create a thread for core -1
create a thread for core -1
create a thread for core -1
create a thread for core -1
create a thread for core -1
create a thread for core -1
create a thread for core -1
create a thread for core -1
waiting for sync (L1_stats_thread,-1/0x55883d9280b4,0x55883f22a3a0,0x55883f2295e0)
ALL RUs ready - ALL gNBs ready
Sending sync to all threads
Entering ITTI signals handler
TYPE <CTRL-C> TO TERMINATE
got sync (L1_stats_thread)
got sync (ru_thread)
8442.871765 [HW] W running command "/sbin/sysctl -n -e -q -w net.core.rmem_default=134217728" to increase RFsim performance
8442.872713 [HW] W running command "/sbin/sysctl -n -e -q -w net.core.rmem_max=134217728" to increase RFsim performance
8442.873354 [HW] W running command "/sbin/sysctl -n -e -q -w net.core.wmem_default=134217728" to increase RFsim performance
8442.873988 [HW] W running command "/sbin/sysctl -n -e -q -w net.core.wmem_max=134217728" to increase RFsim performance
8442.874670 [PHY] I RU 0 rf device ready
8442.874674 [PHY] I RU 0 RF started opp_enabled 0
8442.874679 [HW] W No connected device, generating void samples...
8442.876206 [PHY] I tx_reorder_thread started
8445.485953 [NR_MAC] I Frame.Slot 128.0

8448.103611 [NR_MAC] I Frame.Slot 256.0

8450.724216 [NR_MAC] I Frame.Slot 384.0

8453.341046 [NR_MAC] I Frame.Slot 512.0

8455.957927 [NR_MAC] I Frame.Slot 640.0

8457.384176 [HW] I A client connects, sending the current time
8458.491211 [NR_MAC] I Frame.Slot 768.0

8458.725573 [NR_MAC] I Frame.Slot 896.0

8458.967466 [NR_MAC] I Frame.Slot 0.0

8459.219130 [NR_MAC] I Frame.Slot 128.0

8459.457667 [NR_MAC] I Frame.Slot 256.0

8459.691416 [NR_MAC] I Frame.Slot 384.0

8459.904112 [NR_MAC] I Frame.Slot 512.0

8460.148120 [NR_MAC] I Frame.Slot 640.0

8460.361541 [NR_MAC] I Frame.Slot 768.0

8460.611854 [NR_MAC] I Frame.Slot 896.0

8460.838781 [NR_MAC] I Frame.Slot 0.0

8461.087704 [NR_MAC] I Frame.Slot 128.0

8461.335034 [NR_MAC] I Frame.Slot 256.0

8461.578553 [NR_MAC] I Frame.Slot 384.0

8461.804929 [NR_MAC] I Frame.Slot 512.0

8462.050490 [NR_MAC] I Frame.Slot 640.0

8462.281702 [NR_MAC] I Frame.Slot 768.0

8462.574827 [NR_MAC] I Frame.Slot 896.0

8462.790709 [NR_MAC] I Frame.Slot 0.0

8463.003833 [NR_MAC] I Frame.Slot 128.0

8463.223071 [NR_MAC] I Frame.Slot 256.0

8463.454157 [NR_MAC] I Frame.Slot 384.0

8463.686428 [NR_MAC] I Frame.Slot 512.0

8463.926521 [NR_MAC] I Frame.Slot 640.0

8464.144703 [NR_MAC] I Frame.Slot 768.0

8464.373348 [NR_MAC] I Frame.Slot 896.0

8464.610855 [NR_MAC] I Frame.Slot 0.0

8464.836750 [NR_MAC] I Frame.Slot 128.0

8465.066166 [NR_MAC] I Frame.Slot 256.0

8465.295404 [NR_MAC] I Frame.Slot 384.0

8465.521114 [NR_MAC] I Frame.Slot 512.0

8465.741497 [NR_MAC] I Frame.Slot 640.0

8465.957508 [NR_MAC] I Frame.Slot 768.0

8466.191776 [NR_MAC] I Frame.Slot 896.0

8466.420609 [NR_MAC] I Frame.Slot 0.0

8466.647273 [NR_MAC] I Frame.Slot 128.0

8466.882728 [NR_MAC] I Frame.Slot 256.0

8467.091625 [NR_MAC] I Frame.Slot 384.0

8467.317647 [NR_MAC] I Frame.Slot 512.0

8467.531795 [NR_MAC] I Frame.Slot 640.0

8467.780739 [NR_MAC] I Frame.Slot 768.0

8468.008821 [NR_MAC] I Frame.Slot 896.0

8468.235881 [NR_MAC] I Frame.Slot 0.0

8468.450855 [NR_MAC] I Frame.Slot 128.0

8468.670347 [NR_MAC] I Frame.Slot 256.0

8468.928341 [NR_MAC] I Frame.Slot 384.0

8469.172753 [NR_MAC] I Frame.Slot 512.0

8469.416908 [NR_MAC] I Frame.Slot 640.0

8469.656168 [NR_MAC] I Frame.Slot 768.0

8469.889148 [NR_MAC] I Frame.Slot 896.0

8470.129842 [NR_MAC] I Frame.Slot 0.0

8470.344246 [NR_MAC] I Frame.Slot 128.0

8470.572050 [NR_MAC] I Frame.Slot 256.0

8470.823489 [NR_MAC] I Frame.Slot 384.0

8471.074376 [NR_MAC] I Frame.Slot 512.0

8471.317547 [NR_MAC] I Frame.Slot 640.0

8471.579320 [NR_MAC] I Frame.Slot 768.0

8471.813604 [NR_MAC] I Frame.Slot 896.0

8472.037744 [NR_MAC] I Frame.Slot 0.0

8472.284505 [NR_MAC] I Frame.Slot 128.0

8472.517075 [NR_MAC] I Frame.Slot 256.0

8472.744321 [NR_MAC] I Frame.Slot 384.0

8472.969707 [NR_MAC] I Frame.Slot 512.0

8473.198731 [NR_MAC] I Frame.Slot 640.0

8473.434857 [NR_MAC] I Frame.Slot 768.0

8473.663586 [NR_MAC] I Frame.Slot 896.0

8473.906450 [NR_MAC] I Frame.Slot 0.0

8474.137569 [NR_MAC] I Frame.Slot 128.0

8474.356671 [NR_MAC] I Frame.Slot 256.0

8474.577234 [NR_MAC] I Frame.Slot 384.0

8474.794313 [NR_MAC] I Frame.Slot 512.0

8475.024935 [NR_MAC] I Frame.Slot 640.0

8475.258555 [NR_MAC] I Frame.Slot 768.0

8475.512276 [NR_MAC] I Frame.Slot 896.0

8475.735497 [NR_MAC] I Frame.Slot 0.0

8475.957664 [NR_MAC] I Frame.Slot 128.0

8476.186681 [NR_MAC] I Frame.Slot 256.0

8476.415708 [NR_MAC] I Frame.Slot 384.0

8476.654696 [NR_MAC] I Frame.Slot 512.0

8476.908067 [NR_MAC] I Frame.Slot 640.0

8477.141522 [NR_MAC] I Frame.Slot 768.0

8477.375894 [NR_MAC] I Frame.Slot 896.0

8477.594101 [NR_MAC] I Frame.Slot 0.0

8477.830161 [NR_MAC] I Frame.Slot 128.0

8478.067511 [NR_MAC] I Frame.Slot 256.0

8478.299251 [NR_MAC] I Frame.Slot 384.0

8478.526474 [NR_MAC] I Frame.Slot 512.0

8478.743201 [NR_MAC] I Frame.Slot 640.0

8478.999885 [NR_MAC] I Frame.Slot 768.0

8479.243776 [NR_MAC] I Frame.Slot 896.0

8479.494935 [NR_MAC] I Frame.Slot 0.0

8479.735159 [NR_MAC] I Frame.Slot 128.0

8479.960808 [NR_MAC] I Frame.Slot 256.0

8480.172539 [NR_MAC] I Frame.Slot 384.0

8480.397389 [NR_MAC] I Frame.Slot 512.0

8480.622871 [NR_MAC] I Frame.Slot 640.0

8480.881478 [NR_MAC] I Frame.Slot 768.0

8481.115833 [NR_MAC] I Frame.Slot 896.0

8481.349692 [NR_MAC] I Frame.Slot 0.0

8481.583944 [NR_MAC] I Frame.Slot 128.0

8481.808474 [NR_MAC] I Frame.Slot 256.0

8482.028374 [NR_MAC] I Frame.Slot 384.0

8482.262109 [NR_MAC] I Frame.Slot 512.0

8482.495722 [NR_MAC] I Frame.Slot 640.0

8482.732356 [NR_MAC] I Frame.Slot 768.0

8482.947895 [NR_MAC] I Frame.Slot 896.0

8483.169707 [NR_MAC] I Frame.Slot 0.0

8483.412239 [NR_MAC] I Frame.Slot 128.0

8483.640500 [NR_MAC] I Frame.Slot 256.0

8483.883357 [NR_MAC] I Frame.Slot 384.0

8484.120797 [NR_MAC] I Frame.Slot 512.0

8484.348560 [NR_MAC] I Frame.Slot 640.0

8484.579508 [NR_MAC] I Frame.Slot 768.0

8484.790755 [NR_MAC] I Frame.Slot 896.0

8485.025255 [NR_MAC] I Frame.Slot 0.0

8485.268932 [NR_MAC] I Frame.Slot 128.0

8485.528572 [NR_MAC] I Frame.Slot 256.0

8485.798527 [NR_MAC] I Frame.Slot 384.0

8486.045043 [NR_MAC] I Frame.Slot 512.0

8486.276387 [NR_MAC] I Frame.Slot 640.0

8486.521042 [NR_MAC] I Frame.Slot 768.0

8486.760061 [NR_MAC] I Frame.Slot 896.0

8487.003777 [NR_MAC] I Frame.Slot 0.0

8487.242102 [NR_MAC] I Frame.Slot 128.0

8487.479769 [NR_MAC] I Frame.Slot 256.0

8487.707985 [NR_MAC] I Frame.Slot 384.0

8487.950559 [NR_MAC] I Frame.Slot 512.0

8488.190042 [NR_MAC] I Frame.Slot 640.0

8488.428424 [NR_MAC] I Frame.Slot 768.0

8488.689989 [NR_MAC] I Frame.Slot 896.0

8488.947255 [NR_MAC] I Frame.Slot 0.0

8489.223098 [NR_MAC] I Frame.Slot 128.0

8489.472081 [NR_MAC] I Frame.Slot 256.0

8489.723840 [NR_MAC] I Frame.Slot 384.0

8489.979377 [NR_MAC] I Frame.Slot 512.0

8490.211323 [NR_MAC] I Frame.Slot 640.0

8490.454406 [NR_MAC] I Frame.Slot 768.0

8490.693230 [NR_MAC] I Frame.Slot 896.0

8490.954495 [NR_MAC] I Frame.Slot 0.0

8491.214518 [NR_MAC] I Frame.Slot 128.0

8491.464419 [NR_MAC] I Frame.Slot 256.0

8491.708696 [NR_MAC] I Frame.Slot 384.0

8491.945818 [NR_MAC] I Frame.Slot 512.0

8492.166819 [NR_MAC] I Frame.Slot 640.0

8492.404445 [NR_MAC] I Frame.Slot 768.0

8492.657967 [NR_MAC] I Frame.Slot 896.0

8492.889026 [NR_MAC] I Frame.Slot 0.0

8493.125096 [NR_MAC] I Frame.Slot 128.0

8493.343707 [NR_MAC] I Frame.Slot 256.0

8493.569181 [NR_MAC] I Frame.Slot 384.0

8493.789992 [NR_MAC] I Frame.Slot 512.0

8494.036934 [NR_MAC] I Frame.Slot 640.0

